   0.000000000     -0.2493522707    
  0.1701100635E-01 -0.2492281828    
  0.3402201271E-01 -0.2488559708    
  0.5103301906E-01 -0.2482356537    
  0.6804402542E-01 -0.2473677759    
  0.8505503177E-01 -0.2462525527    
  0.1020660381     -0.2448904563    
  0.1190770445     -0.2432820680    
  0.1360880508     -0.2414280812    
  0.1530990572     -0.2393295399    
  0.1701100635     -0.2369869285    
  0.1871210699     -0.2344015080    
  0.2041320763     -0.2315744573    
  0.2211430826     -0.2285070886    
  0.2381540890     -0.2252008529    
  0.2551650953     -0.2216573472    
  0.2721761017     -0.2178788094    
  0.2891871080     -0.2138662062    
  0.3061981144     -0.2096220725    
  0.3232091207     -0.2051486637    
  0.3402201271     -0.2004483887    
  0.3572311334     -0.1955239634    
  0.3742421398     -0.1903781865    
  0.3912531462     -0.1850141220    
  0.4082641525     -0.1794357537    
  0.4252751589     -0.1736453158    
  0.4422861652     -0.1676472167    
  0.4592971716     -0.1614455126    
  0.4763081779     -0.1550445387    
  0.4933191843     -0.1484489208    
  0.5103301906     -0.1416633543    
  0.5273411970     -0.1346935733    
  0.5443522034     -0.1275448833    
  0.5613632097     -0.1202231811    
  0.5783742161     -0.1127347008    
  0.5953852224     -0.1050858719    
  0.6123962288     -0.9728388050E-01
  0.6123962288     -0.9728388050E-01
  0.6290512105     -0.9733200090E-01
  0.6457061923     -0.9747986359E-01
  0.6623611741     -0.9773734251E-01
  0.6790161559     -0.9812117810E-01
  0.6956711376     -0.9865456160E-01
  0.7123261194     -0.9936664425E-01
  0.7289811012     -0.1002915498    
  0.7456360830     -0.1014672298    
  0.7622910647     -0.1029331605    
  0.7789460465     -0.1047275126    
  0.7956010283     -0.1068836826    
  0.8122560101     -0.1094265346    
  0.8289109918     -0.1123695585    
  0.8455659736     -0.1157121793    
  0.8622209554     -0.1194396314    
  0.8788759372     -0.1235240582    
  0.8955309189     -0.1279263325    
  0.9121859007     -0.1326029983    
  0.9288408825     -0.1375042248    
  0.9454958643     -0.1425799740    
  0.9621508460     -0.1477824407    
  0.9788058278     -0.1530667276    
  0.9954608096     -0.1583921754    
   1.012115791     -0.1637216503    
   1.028770773     -0.1690230527    
   1.045425755     -0.1742680378    
   1.062080737     -0.1794317541    
   1.078735718     -0.1844931371    
   1.095390700     -0.1894334515    
   1.112045682     -0.1942367674    
   1.128700664     -0.1988889453    
   1.145355646     -0.2033780289    
   1.162010627     -0.2076935494    
   1.178665609     -0.2118264043    
   1.195320591     -0.2157686668    
   1.211975573     -0.2195128569    
   1.228630554     -0.2230539799    
   1.245285536     -0.2263864250    
   1.261940518     -0.2295054331    
   1.278595500     -0.2324069705    
   1.295250482     -0.2350874867    
   1.311905463     -0.2375438041    
   1.328560445     -0.2397735583    
   1.345215427     -0.2417742603    
   1.361870409     -0.2435438373    
   1.378525390     -0.2450807749    
   1.395180372     -0.2463835569    
   1.411835354     -0.2474511437    
   1.428490336     -0.2482823414    
   1.445145317     -0.2488765945    
   1.461800299     -0.2492333267    
   1.478455281     -0.2493522707    
   1.478455281     -0.2493522707    
   1.495028740     -0.2492344896    
   1.511602199     -0.2488812614    
   1.528175658     -0.2482928350    
   1.544749117     -0.2474700072    
   1.561322577     -0.2464135096    
   1.577896036     -0.2451244577    
   1.594469495     -0.2436042671    
   1.611042954     -0.2418546889    
   1.627616413     -0.2398780571    
   1.644189872     -0.2376765555    
   1.660763331     -0.2352536566    
   1.677336790     -0.2326128276    
   1.693910249     -0.2297583619    
   1.710483708     -0.2266957116    
   1.727057168     -0.2234312637    
   1.743630627     -0.2199727497    
   1.760204086     -0.2163295884    
   1.776777545     -0.2125133380    
   1.793351004     -0.2085382981    
   1.809924463     -0.2044223285    
   1.826497922     -0.2001878963    
   1.843071381     -0.1958636013    
   1.859644840     -0.1914861229    
   1.876218300     -0.1871027821    
   1.892791759     -0.1827753015    
   1.909365218     -0.1785834434    
   1.925938677     -0.1746299463    
   1.942512136     -0.1710440217    
   1.959085595     -0.1679810767    
   1.975659054     -0.1656136803    
   1.992232513     -0.1641082007    
   2.008805972     -0.1635904943    
   2.008805972     -0.1635904943    
   2.025914059     -0.1635418057    
   2.043022146     -0.1633926721    
   2.060130233     -0.1631420554    
   2.077238320     -0.1627870124    
   2.094346406     -0.1623236043    
   2.111454493     -0.1617470592    
   2.128562580     -0.1610521586    
   2.145670667     -0.1602326436    
   2.162778754     -0.1592825525    
   2.179886840     -0.1581956577    
   2.196994927     -0.1569658868    
   2.214103014     -0.1555871250    
   2.231211101     -0.1540538974    
   2.248319188     -0.1523608744    
   2.265427275     -0.1505034274    
   2.282535361     -0.1484779706    
   2.299643448     -0.1462798136    
   2.316751535     -0.1439070265    
   2.333859622     -0.1413565597    
   2.350967709     -0.1386272430    
   2.368075795     -0.1357187382    
   2.385183882     -0.1326303934    
   2.402291969     -0.1293634254    
   2.419400056     -0.1259196862    
   2.436508143     -0.1223020783    
   2.453616230     -0.1185138941    
   2.470724316     -0.1145621643    
   2.487832403     -0.1104531979    
   2.504940490     -0.1061958547    
   2.522048577     -0.1018012144    
   2.539156664     -0.9728388050E-01
   2.539156664     -0.9728388050E-01
   2.556167670     -0.9724203357E-01
   2.573178676     -0.9711806717E-01
   2.590189683     -0.9691363029E-01
   2.607200689     -0.9663410630E-01
   2.624211695     -0.9628680045E-01
   2.641222702     -0.9587884941E-01
   2.658233708     -0.9542130430E-01
   2.675244714     -0.9492625702E-01
   2.692255721     -0.9440893429E-01
   2.709266727     -0.9388051299E-01
   2.726277734     -0.9336026384E-01
   2.743288740     -0.9286399434E-01
   2.760299746     -0.9240841012E-01
   2.777310753     -0.9200980065E-01
   2.794321759     -0.9168237309E-01
   2.811332765     -0.9143868050E-01
   2.828343772     -0.9128854738E-01
   2.845354778     -0.9123782101E-01
   2.845354778     -0.9123782101E-01
   2.862675959     -0.9602065860E-01
   2.879997140     -0.1008184443    
   2.897318321     -0.1055829989    
   2.914639502     -0.1102747696    
   2.931960683     -0.1148612448    
   2.949281864     -0.1193163020    
   2.966603045     -0.1236166012    
   2.983924226     -0.1277473514    
   3.001245407     -0.1316922007    
   3.018566588     -0.1354388980    
   3.035887770     -0.1389772027    
   3.053208951     -0.1422980106    
   3.070530132     -0.1453953111    
   3.087851313     -0.1482624102    
   3.105172494     -0.1508941839    
   3.122493675     -0.1532863036    
   3.139814856     -0.1554348443    
   3.157136037     -0.1573373230    
   3.174457218     -0.1589907095    
   3.191778399     -0.1603931958    
   3.209099580     -0.1615429008    
   3.226420761     -0.1624384634    
   3.243741942     -0.1630788526    
   3.261063123     -0.1634631685    
   3.278384304     -0.1635904943    
     
   0.000000000      0.1898347674    
  0.1701100635E-01  0.1889453597    
  0.3402201271E-01  0.1863573891    
  0.5103301906E-01  0.1822801353    
  0.6804402542E-01  0.1769823896    
  0.8505503177E-01  0.1707294996    
  0.1020660381      0.1637490482    
  0.1190770445      0.1562215120    
  0.1360880508      0.1482841630    
  0.1530990572      0.1400391171    
  0.1701100635      0.1315627016    
  0.1871210699      0.1229089818    
  0.2041320763      0.1141237470    
  0.2211430826      0.1052368828    
  0.2381540890      0.9627268704E-01
  0.2551650953      0.8725015813E-01
  0.2721761017      0.7818189058E-01
  0.2891871080      0.6908578202E-01
  0.3061981144      0.5997009862E-01
  0.3232091207      0.5084456577E-01
  0.3402201271      0.4171916279E-01
  0.3572311334      0.3260050772E-01
  0.3742421398      0.2349825673E-01
  0.3912531462      0.1442093926E-01
  0.4082641525      0.5377177443E-02
  0.4252751589     -0.3624275161E-02
  0.4422861652     -0.1257452998E-01
  0.4592971716     -0.2146458533E-01
  0.4763081779     -0.3028536548E-01
  0.4933191843     -0.3902777004E-01
  0.5103301906     -0.4768069738E-01
  0.5273411970     -0.5623943031E-01
  0.5443522034     -0.6469286186E-01
  0.5613632097     -0.7303232885E-01
  0.5783742161     -0.8124939441E-01
  0.5953852224     -0.8933584887E-01
  0.6123962288     -0.9728388038E-01
  0.6123962288     -0.9728388038E-01
  0.6290512105     -0.9715566368E-01
  0.6457061923     -0.9677156374E-01
  0.6623611741     -0.9613065078E-01
  0.6790161559     -0.9523354100E-01
  0.6956711376     -0.9408266772E-01
  0.7123261194     -0.9267395034E-01
  0.7289811012     -0.9100972884E-01
  0.7456360830     -0.8909037928E-01
  0.7622910647     -0.8691630750E-01
  0.7789460465     -0.8448797908E-01
  0.7956010283     -0.8180592164E-01
  0.8122560101     -0.7886938650E-01
  0.8289109918     -0.7568180224E-01
  0.8455659736     -0.7224246952E-01
  0.8622209554     -0.6855219486E-01
  0.8788759372     -0.6461185964E-01
  0.8955309189     -0.6042229312E-01
  0.9121859007     -0.5598483066E-01
  0.9288408825     -0.5130087864E-01
  0.9454958643     -0.4637101432E-01
  0.9621508460     -0.4119743159E-01
  0.9788058278     -0.3578070378E-01
  0.9954608096     -0.3012295105E-01
   1.012115791     -0.2422599230E-01
   1.028770773     -0.1809182700E-01
   1.045425755     -0.1172266017E-01
   1.062080737     -0.5120932989E-02
   1.078735718      0.1710639268E-02
   1.095390700      0.8769020102E-02
   1.112045682      0.1604815082E-01
   1.128700664      0.2354925323E-01
   1.145355646      0.3126543165E-01
   1.162010627      0.3919158542E-01
   1.178665609      0.4732177873E-01
   1.195320591      0.5564902965E-01
   1.211975573      0.6417116511E-01
   1.228630554      0.7286665644E-01
   1.245285536      0.8172815966E-01
   1.261940518      0.9074099834E-01
   1.278595500      0.9988605744E-01
   1.295250482      0.1091388693    
   1.311905463      0.1184696364    
   1.328560445      0.1278313722    
   1.345215427      0.1371685272    
   1.361870409      0.1464011513    
   1.378525390      0.1554157577    
   1.395180372      0.1640500049    
   1.411835354      0.1720638065    
   1.428490336      0.1791320739    
   1.445145317      0.1847981004    
   1.461800299      0.1885256124    
   1.478455281      0.1898347674    
   1.478455281      0.1898347674    
   1.495028740      0.1883857537    
   1.511602199      0.1842566904    
   1.528175658      0.1779701928    
   1.544749117      0.1700983771    
   1.561322577      0.1611276881    
   1.577896036      0.1514152850    
   1.594469495      0.1412127370    
   1.611042954      0.1306960743    
   1.627616413      0.1199848025    
   1.644189872      0.1091805962    
   1.660763331      0.9834573992E-01
   1.677336790      0.8753185551E-01
   1.693910249      0.7678375551E-01
   1.710483708      0.6613458526E-01
   1.727057168      0.5561426351E-01
   1.743630627      0.4524960339E-01
   1.760204086      0.3506570308E-01
   1.776777545      0.2508715009E-01
   1.793351004      0.1533917212E-01
   1.809924463      0.5848667502E-02
   1.826497922     -0.3353687875E-02
   1.843071381     -0.1223277724E-01
   1.859644840     -0.2074621144E-01
   1.876218300     -0.2884093311E-01
   1.892791759     -0.3645290103E-01
   1.909365218     -0.4349789129E-01
   1.925938677     -0.4987024783E-01
   1.942512136     -0.5543836674E-01
   1.959085595     -0.6004493288E-01
   1.975659054     -0.6351592263E-01
   1.992232513     -0.6568313249E-01
   2.008805972     -0.6642067814E-01
   2.008805972     -0.6642067814E-01
   2.025914059     -0.6627382644E-01
   2.043022146     -0.6583358447E-01
   2.060130233     -0.6510736541E-01
   2.077238320     -0.6410662487E-01
   2.094346406     -0.6284783549E-01
   2.111454493     -0.6135299402E-01
   2.128562580     -0.5965037681E-01
   2.145670667     -0.5777560680E-01
   2.162778754     -0.5577303064E-01
   2.179886840     -0.5369766332E-01
   2.196994927     -0.5161720856E-01
   2.214103014     -0.4961447712E-01
   2.231211101     -0.4778955539E-01
   2.248319188     -0.4625648978E-01
   2.265427275     -0.4514471428E-01
   2.282535361     -0.4458387438E-01
   2.299643448     -0.4468882999E-01
   2.316751535     -0.4553863387E-01
   2.333859622     -0.4715832733E-01
   2.350967709     -0.4951582265E-01
   2.368075795     -0.5253168512E-01
   2.385183882     -0.5609706599E-01
   2.402291969     -0.6009545089E-01
   2.419400056     -0.6441587369E-01
   2.436508143     -0.6896066172E-01
   2.453616230     -0.7364643918E-01
   2.470724316     -0.7840900874E-01
   2.487832403     -0.8319298113E-01
   2.504940490     -0.8795524039E-01
   2.522048577     -0.9266111969E-01
   2.539156664     -0.9728388038E-01
   2.539156664     -0.9728388038E-01
   2.556167670     -0.9724203345E-01
   2.573178676     -0.9711806706E-01
   2.590189683     -0.9691363017E-01
   2.607200689     -0.9663410618E-01
   2.624211695     -0.9628680033E-01
   2.641222702     -0.9587884930E-01
   2.658233708     -0.9542130419E-01
   2.675244714     -0.9492625691E-01
   2.692255721     -0.9440893418E-01
   2.709266727     -0.9388051288E-01
   2.726277734     -0.9336026372E-01
   2.743288740     -0.9286399423E-01
   2.760299746     -0.9240841001E-01
   2.777310753     -0.9200980053E-01
   2.794321759     -0.9168237297E-01
   2.811332765     -0.9143868038E-01
   2.828343772     -0.9128854726E-01
   2.845354778     -0.9123782088E-01
   2.845354778     -0.9123782088E-01
   2.862675959     -0.8652812158E-01
   2.879997140     -0.8196068417E-01
   2.897318321     -0.7761555308E-01
   2.914639502     -0.7358064872E-01
   2.931960683     -0.6994708674E-01
   2.949281864     -0.6679996642E-01
   2.966603045     -0.6420483634E-01
   2.983924226     -0.6219780332E-01
   3.001245407     -0.6077645208E-01
   3.018566588     -0.5990221389E-01
   3.035887770     -0.5950640361E-01
   3.053208951     -0.5950686400E-01
   3.070530132     -0.5981503230E-01
   3.087851313     -0.6034693741E-01
   3.105172494     -0.6102767500E-01
   3.122493675     -0.6179322738E-01
   3.139814856     -0.6259043584E-01
   3.157136037     -0.6337620102E-01
   3.174457218     -0.6411558836E-01
   3.191778399     -0.6478130898E-01
   3.209099580     -0.6535199726E-01
   3.226420761     -0.6581139988E-01
   3.243741942     -0.6614760587E-01
   3.261063123     -0.6635226652E-01
   3.278384304     -0.6642067814E-01
     
   0.000000000      0.1898347675    
  0.1701100635E-01  0.1892970200    
  0.3402201271E-01  0.1877311808    
  0.5103301906E-01  0.1852702722    
  0.6804402542E-01  0.1820673349    
  0.8505503177E-01  0.1783036638    
  0.1020660381      0.1741350730    
  0.1190770445      0.1696910921    
  0.1360880508      0.1650748476    
  0.1530990572      0.1603615330    
  0.1701100635      0.1556237702    
  0.1871210699      0.1509046464    
  0.2041320763      0.1462418059    
  0.2211430826      0.1416648872    
  0.2381540890      0.1371974716    
  0.2551650953      0.1328585286    
  0.2721761017      0.1286565438    
  0.2891871080      0.1246182124    
  0.3061981144      0.1207469811    
  0.3232091207      0.1170516570    
  0.3402201271      0.1135398204    
  0.3572311334      0.1102174805    
  0.3742421398      0.1070902033    
  0.3912531462      0.1041626295    
  0.4082641525      0.1014376099    
  0.4252751589      0.9892092520E-01
  0.4422861652      0.9661439651E-01
  0.4592971716      0.9452060915E-01
  0.4763081779      0.9264179141E-01
  0.4933191843      0.9097985398E-01
  0.5103301906      0.8953745776E-01
  0.5273411970      0.8831387911E-01
  0.5443522034      0.8731130115E-01
  0.5613632097      0.8653062348E-01
  0.5783742161      0.8597253399E-01
  0.5953852224      0.8563832685E-01
  0.6123962288      0.8552659312E-01
  0.6123962288      0.8552659312E-01
  0.6290512105      0.8469302260E-01
  0.6457061923      0.8229379908E-01
  0.6623611741      0.7860030614E-01
  0.6790161559      0.7395937594E-01
  0.6956711376      0.6871461863E-01
  0.7123261194      0.6316831709E-01
  0.7289811012      0.5757054157E-01
  0.7456360830      0.5212327977E-01
  0.7622910647      0.4698920750E-01
  0.7789460465      0.4229881663E-01
  0.7956010283      0.3815505874E-01
  0.8122560101      0.3463592537E-01
  0.8289109918      0.3179486868E-01
  0.8455659736      0.2966302804E-01
  0.8622209554      0.2825012591E-01
  0.8788759372      0.2754801758E-01
  0.8955309189      0.2753261885E-01
  0.9121859007      0.2817079737E-01
  0.9288408825      0.2942238001E-01
  0.9454958643      0.3124549664E-01
  0.9621508460      0.3359633504E-01
  0.9788058278      0.3643455500E-01
  0.9954608096      0.3971936687E-01
   1.012115791      0.4341772272E-01
   1.028770773      0.4749543347E-01
   1.045425755      0.5192246254E-01
   1.062080737      0.5667137110E-01
   1.078735718      0.6171631063E-01
   1.095390700      0.6703339737E-01
   1.112045682      0.7259945830E-01
   1.128700664      0.7839264567E-01
   1.145355646      0.8439056532E-01
   1.162010627      0.9057072939E-01
   1.178665609      0.9690984628E-01
   1.195320591      0.1033833145    
   1.211975573      0.1099648413    
   1.228630554      0.1166282722    
   1.245285536      0.1233354532    
   1.261940518      0.1300536985    
   1.278595500      0.1367424102    
   1.295250482      0.1433559310    
   1.311905463      0.1498410058    
   1.328560445      0.1561354441    
   1.345215427      0.1621702950    
   1.361870409      0.1678715729    
   1.378525390      0.1731367922    
   1.395180372      0.1778710947    
   1.411835354      0.1819653282    
   1.428490336      0.1853076156    
   1.445145317      0.1877865238    
   1.461800299      0.1893171971    
   1.478455281      0.1898347675    
   1.478455281      0.1898347675    
   1.495028740      0.1896302931    
   1.511602199      0.1890268155    
   1.528175658      0.1880564773    
   1.544749117      0.1867531523    
   1.561322577      0.1851718720    
   1.577896036      0.1833662797    
   1.594469495      0.1813888341    
   1.611042954      0.1792880631    
   1.627616413      0.1771033650    
   1.644189872      0.1748795115    
   1.660763331      0.1726445063    
   1.677336790      0.1704215374    
   1.693910249      0.1682396863    
   1.710483708      0.1661135822    
   1.727057168      0.1640581089    
   1.743630627      0.1620854026    
   1.760204086      0.1602053136    
   1.776777545      0.1584257970    
   1.793351004      0.1567532405    
   1.809924463      0.1551896497    
   1.826497922      0.1537451637    
   1.843071381      0.1524199140    
   1.859644840      0.1512163424    
   1.876218300      0.1501365728    
   1.892791759      0.1491814771    
   1.909365218      0.1483523533    
   1.925938677      0.1476499433    
   1.942512136      0.1470747668    
   1.959085595      0.1466271770    
   1.975659054      0.1463074044    
   1.992232513      0.1461202816    
   2.008805972      0.1460570487    
   2.008805972      0.1460570487    
   2.025914059      0.1450228936    
   2.043022146      0.1420732627    
   2.060130233      0.1375574664    
   2.077238320      0.1318912510    
   2.094346406      0.1254488022    
   2.111454493      0.1185278167    
   2.128562580      0.1113547756    
   2.145670667      0.1041054441    
   2.162778754      0.9692031772E-01
   2.179886840      0.8991996169E-01
   2.196994927      0.8321808699E-01
   2.214103014      0.7692727090E-01
   2.231211101      0.7116638569E-01
   2.248319188      0.6606276726E-01
   2.265427275      0.6174860297E-01
   2.282535361      0.5835187076E-01
   2.299643448      0.5598201126E-01
   2.316751535      0.5470479613E-01
   2.333859622      0.5452741474E-01
   2.350967709      0.5539281852E-01
   2.368075795      0.5718647275E-01
   2.385183882      0.5975622294E-01
   2.402291969      0.6292646877E-01
   2.419400056      0.6651024105E-01
   2.436508143      0.7031193399E-01
   2.453616230      0.7412532499E-01
   2.470724316      0.7773031479E-01
   2.487832403      0.8089368245E-01
   2.504940490      0.8337964949E-01
   2.522048577      0.8497635636E-01
   2.539156664      0.8552659312E-01
   2.539156664      0.8552659312E-01
   2.556167670      0.8513927426E-01
   2.573178676      0.8400521687E-01
   2.590189683      0.8220942641E-01
   2.607200689      0.7986678040E-01
   2.624211695      0.7711364372E-01
   2.641222702      0.7408294927E-01
   2.658233708      0.7089908286E-01
   2.675244714      0.6767235778E-01
   2.692255721      0.6449808684E-01
   2.709266727      0.6145843110E-01
   2.726277734      0.5862168628E-01
   2.743288740      0.5604735305E-01
   2.760299746      0.5378532053E-01
   2.777310753      0.5187710908E-01
   2.794321759      0.5035732688E-01
   2.811332765      0.4925280428E-01
   2.828343772      0.4858213783E-01
   2.845354778      0.4835728313E-01
   2.845354778      0.4835728313E-01
   2.862675959      0.4499103506E-01
   2.879997140      0.4216476017E-01
   2.897318321      0.3996602324E-01
   2.914639502      0.3848933614E-01
   2.931960683      0.3782983227E-01
   2.949281864      0.3807450503E-01
   2.966603045      0.3929041752E-01
   2.983924226      0.4151061722E-01
   3.001245407      0.4472983123E-01
   3.018566588      0.4890290180E-01
   3.035887770      0.5395377217E-01
   3.053208951      0.5978607783E-01
   3.070530132      0.6629433169E-01
   3.087851313      0.7337172593E-01
   3.105172494      0.8091226774E-01
   3.122493675      0.8880979674E-01
   3.139814856      0.9695359973E-01
   3.157136037      0.1052185251    
   3.174457218      0.1134590738    
   3.191778399      0.1214820372    
   3.209099580      0.1290314764    
   3.226420761      0.1357556662    
   3.243741942      0.1411889411    
   3.261063123      0.1447844966    
   3.278384304      0.1460570487    
     
   0.000000000      0.1898347725    
  0.1701100635E-01  0.1892970250    
  0.3402201271E-01  0.1877311857    
  0.5103301906E-01  0.1852702768    
  0.6804402542E-01  0.1820673393    
  0.8505503177E-01  0.1783036681    
  0.1020660381      0.1741350770    
  0.1190770445      0.1696910959    
  0.1360880508      0.1650748511    
  0.1530990572      0.1603615364    
  0.1701100635      0.1556237734    
  0.1871210699      0.1509046493    
  0.2041320763      0.1462418086    
  0.2211430826      0.1416648897    
  0.2381540890      0.1371974740    
  0.2551650953      0.1328585308    
  0.2721761017      0.1286565454    
  0.2891871080      0.1246182139    
  0.3061981144      0.1207469825    
  0.3232091207      0.1170516583    
  0.3402201271      0.1135398215    
  0.3572311334      0.1102174815    
  0.3742421398      0.1070902042    
  0.3912531462      0.1041626304    
  0.4082641525      0.1014376106    
  0.4252751589      0.9892092586E-01
  0.4422861652      0.9661439713E-01
  0.4592971716      0.9452060973E-01
  0.4763081779      0.9264179195E-01
  0.4933191843      0.9097985450E-01
  0.5103301906      0.8953745799E-01
  0.5273411970      0.8831387933E-01
  0.5443522034      0.8731130135E-01
  0.5613632097      0.8653062367E-01
  0.5783742161      0.8597253417E-01
  0.5953852224      0.8563832689E-01
  0.6123962288      0.8552659316E-01
  0.6123962288      0.8552659316E-01
  0.6290512105      0.8562186699E-01
  0.6457061923      0.8590750645E-01
  0.6623611741      0.8638296370E-01
  0.6790161559      0.8704731954E-01
  0.6956711376      0.8789920358E-01
  0.7123261194      0.8893706449E-01
  0.7289811012      0.9015872684E-01
  0.7456360830      0.9156165504E-01
  0.7622910647      0.9314285645E-01
  0.7789460465      0.9489885145E-01
  0.7956010283      0.9682563885E-01
  0.8122560101      0.9892072973E-01
  0.8289109918      0.1011748146    
  0.8455659736      0.1035841338    
  0.8622209554      0.1061421546    
  0.8788759372      0.1088416641    
  0.8955309189      0.1116754428    
  0.9121859007      0.1146323395    
  0.9288408825      0.1177030756    
  0.9454958643      0.1208773772    
  0.9621508460      0.1241425005    
  0.9788058278      0.1274856465    
  0.9954608096      0.1308921353    
   1.012115791      0.1343463004    
   1.028770773      0.1378312804    
   1.045425755      0.1413290705    
   1.062080737      0.1448206240    
   1.078735718      0.1482860158    
   1.095390700      0.1517046762    
   1.112045682      0.1550556637    
   1.128700664      0.1583182290    
   1.145355646      0.1614719964    
   1.162010627      0.1644976872    
   1.178665609      0.1673776173    
   1.195320591      0.1700962414    
   1.211975573      0.1726421988    
   1.228630554      0.1750087692    
   1.245285536      0.1771778614    
   1.261940518      0.1791530961    
   1.278595500      0.1809345768    
   1.295250482      0.1825254438    
   1.311905463      0.1839368506    
   1.328560445      0.1851654885    
   1.345215427      0.1862265252    
   1.361870409      0.1871312201    
   1.378525390      0.1878879651    
   1.395180372      0.1885081819    
   1.411835354      0.1889921647    
   1.428490336      0.1893661459    
   1.445145317      0.1896282112    
   1.461800299      0.1897833904    
   1.478455281      0.1898347725    
   1.478455281      0.1898347725    
   1.495028740      0.1896302963    
   1.511602199      0.1890268186    
   1.528175658      0.1880564801    
   1.544749117      0.1867531548    
   1.561322577      0.1851718742    
   1.577896036      0.1833662816    
   1.594469495      0.1813888357    
   1.611042954      0.1792880643    
   1.627616413      0.1771033660    
   1.644189872      0.1748795122    
   1.660763331      0.1726445066    
   1.677336790      0.1704215375    
   1.693910249      0.1682396866    
   1.710483708      0.1661135828    
   1.727057168      0.1640581096    
   1.743630627      0.1620854035    
   1.760204086      0.1602053147    
   1.776777545      0.1584257983    
   1.793351004      0.1567532419    
   1.809924463      0.1551896511    
   1.826497922      0.1537451652    
   1.843071381      0.1524199156    
   1.859644840      0.1512163442    
   1.876218300      0.1501365747    
   1.892791759      0.1491814790    
   1.909365218      0.1483523554    
   1.925938677      0.1476499453    
   1.942512136      0.1470747689    
   1.959085595      0.1466271792    
   1.975659054      0.1463074066    
   1.992232513      0.1461202838    
   2.008805972      0.1460570510    
   2.008805972      0.1460570510    
   2.025914059      0.1457869177    
   2.043022146      0.1450065598    
   2.060130233      0.1437403885    
   2.077238320      0.1420349592    
   2.094346406      0.1399477168    
   2.111454493      0.1375416470    
   2.128562580      0.1348802277    
   2.145670667      0.1320257258    
   2.162778754      0.1290345159    
   2.179886840      0.1259576241    
   2.196994927      0.1228398271    
   2.214103014      0.1197204052    
   2.231211101      0.1166321836    
   2.248319188      0.1136055764    
   2.265427275      0.1106638497    
   2.282535361      0.1078277195    
   2.299643448      0.1051155696    
   2.316751535      0.1025414226    
   2.333859622      0.1001192186    
   2.350967709      0.9785923493E-01
   2.368075795      0.9576936506E-01
   2.385183882      0.9385986753E-01
   2.402291969      0.9213607152E-01
   2.419400056      0.9060350313E-01
   2.436508143      0.8926677737E-01
   2.453616230      0.8812977835E-01
   2.470724316      0.8719545507E-01
   2.487832403      0.8646632658E-01
   2.504940490      0.8594506748E-01
   2.522048577      0.8563127512E-01
   2.539156664      0.8552659316E-01
   2.539156664      0.8552659316E-01
   2.556167670      0.8513927430E-01
   2.573178676      0.8400521690E-01
   2.590189683      0.8220942644E-01
   2.607200689      0.7986678044E-01
   2.624211695      0.7711364376E-01
   2.641222702      0.7408294932E-01
   2.658233708      0.7089908291E-01
   2.675244714      0.6767235784E-01
   2.692255721      0.6449808691E-01
   2.709266727      0.6145843117E-01
   2.726277734      0.5862168636E-01
   2.743288740      0.5604735313E-01
   2.760299746      0.5378532061E-01
   2.777310753      0.5187710916E-01
   2.794321759      0.5035732696E-01
   2.811332765      0.4925280437E-01
   2.828343772      0.4858213792E-01
   2.845354778      0.4835728322E-01
   2.845354778      0.4835728322E-01
   2.862675959      0.5218455448E-01
   2.879997140      0.5640270086E-01
   2.897318321      0.6094911070E-01
   2.914639502      0.6576777222E-01
   2.931960683      0.7080897018E-01
   2.949281864      0.7601909297E-01
   2.966603045      0.8135337997E-01
   2.983924226      0.8676439649E-01
   3.001245407      0.9220511356E-01
   3.018566588      0.9762708375E-01
   3.035887770      0.1029819770    
   3.053208951      0.1082177002    
   3.070530132      0.1132831230    
   3.087851313      0.1181273719    
   3.105172494      0.1227006460    
   3.122493675      0.1269560031    
   3.139814856      0.1308525279    
   3.157136037      0.1343501593    
   3.174457218      0.1374210259    
   3.191778399      0.1400426893    
   3.209099580      0.1421997166    
   3.226420761      0.1438826551    
   3.243741942      0.1450865809    
   3.261063123      0.1458095286    
   3.278384304      0.1460570510    
     
   0.000000000      0.2842432804    
  0.1701100635E-01  0.2839164913    
  0.3402201271E-01  0.2829492647    
  0.5103301906E-01  0.2813852286    
  0.6804402542E-01  0.2792699610    
  0.8505503177E-01  0.2766803863    
  0.1020660381      0.2736939522    
  0.1190770445      0.2703890454    
  0.1360880508      0.2668408533    
  0.1530990572      0.2631187334    
  0.1701100635      0.2592852694    
  0.1871210699      0.2553954353    
  0.2041320763      0.2514972647    
  0.2211430826      0.2476323391    
  0.2381540890      0.2438365256    
  0.2551650953      0.2401407382    
  0.2721761017      0.2365625829    
  0.2891871080      0.2331429456    
  0.3061981144      0.2298932013    
  0.3232091207      0.2268309246    
  0.3402201271      0.2239758471    
  0.3572311334      0.2213330565    
  0.3742421398      0.2189191861    
  0.3912531462      0.2167452860    
  0.4082641525      0.2148166985    
  0.4252751589      0.2131515219    
  0.4422861652      0.2117540643    
  0.4592971716      0.2106322850    
  0.4763081779      0.2097936797    
  0.4933191843      0.2092453644    
  0.5103301906      0.2089957660    
  0.5273411970      0.2090482183    
  0.5443522034      0.2094106598    
  0.5613632097      0.2100892519    
  0.5783742161      0.2110899961    
  0.5953852224      0.2124330015    
  0.6123962288      0.2140951670    
  0.6123962288      0.2140951670    
  0.6290512105      0.2142062928    
  0.6457061923      0.2145385318    
  0.6623611741      0.2150894091    
  0.6790161559      0.2158645692    
  0.6956711376      0.2168561906    
  0.7123261194      0.2180682009    
  0.7289811012      0.2194957691    
  0.7456360830      0.2211363116    
  0.7622910647      0.2229867266    
  0.7789460465      0.2250433340    
  0.7956010283      0.2273018014    
  0.8122560101      0.2297571764    
  0.8289109918      0.2324032976    
  0.8455659736      0.2352333801    
  0.8622209554      0.2382393804    
  0.8788759372      0.2414155178    
  0.8955309189      0.2447436208    
  0.9121859007      0.2482143744    
  0.9288408825      0.2518126882    
  0.9454958643      0.2555214977    
  0.9621508460      0.2593188665    
  0.9788058278      0.2631825706    
  0.9954608096      0.2670832451    
   1.012115791      0.2709876296    
   1.028770773      0.2748570356    
   1.045425755      0.2786469113    
   1.062080737      0.2823067633    
   1.078735718      0.2857807301    
   1.095390700      0.2890091747    
   1.112045682      0.2919268222    
   1.128700664      0.2944861192    
   1.145355646      0.2966354454    
   1.162010627      0.2983430903    
   1.178665609      0.2995976238    
   1.195320591      0.3004098134    
   1.211975573      0.3008160600    
   1.228630554      0.3008622356    
   1.245285536      0.3005903571    
   1.261940518      0.3000699853    
   1.278595500      0.2993577828    
   1.295250482      0.2985095113    
   1.311905463      0.2964855101    
   1.328560445      0.2941616997    
   1.345215427      0.2920818950    
   1.361870409      0.2902463699    
   1.378525390      0.2886551653    
   1.395180372      0.2873085087    
   1.411835354      0.2862026527    
   1.428490336      0.2853454873    
   1.445145317      0.2847331718    
   1.461800299      0.2843657610    
   1.478455281      0.2842432804    
   1.478455281      0.2842432804    
   1.495028740      0.2845438896    
   1.511602199      0.2853927996    
   1.528175658      0.2858983677    
   1.544749117      0.2857401523    
   1.561322577      0.2849252786    
   1.577896036      0.2835944608    
   1.594469495      0.2818876591    
   1.611042954      0.2799143558    
   1.627616413      0.2777563501    
   1.644189872      0.2754802454    
   1.660763331      0.2731178919    
   1.677336790      0.2707407529    
   1.693910249      0.2683728843    
   1.710483708      0.2660376503    
   1.727057168      0.2637573265    
   1.743630627      0.2615502175    
   1.760204086      0.2594313696    
   1.776777545      0.2574131434    
   1.793351004      0.2555056817    
   1.809924463      0.2537176366    
   1.826497922      0.2520550218    
   1.843071381      0.2505237953    
   1.859644840      0.2491284407    
   1.876218300      0.2478844323    
   1.892791759      0.2467705012    
   1.909365218      0.2458012846    
   1.925938677      0.2449786014    
   1.942512136      0.2443038615    
   1.959085595      0.2437781333    
   1.975659054      0.2434021960    
   1.992232513      0.2431775507    
   2.008805972      0.2431074773    
   2.008805972      0.2431074773    
   2.025914059      0.2441414919    
   2.043022146      0.2470779184    
   2.060130233      0.2514454795    
   2.077238320      0.2565915848    
   2.094346406      0.2617177511    
   2.111454493      0.2658906202    
   2.128562580      0.2682603255    
   2.145670667      0.2685355168    
   2.162778754      0.2670859551    
   2.179886840      0.2644908656    
   2.196994927      0.2612199473    
   2.214103014      0.2575783064    
   2.231211101      0.2537624097    
   2.248319188      0.2498991483    
   2.265427275      0.2460731008    
   2.282535361      0.2423412444    
   2.299643448      0.2387508688    
   2.316751535      0.2353316576    
   2.333859622      0.2321053116    
   2.350967709      0.2290956934    
   2.368075795      0.2263151271    
   2.385183882      0.2237755563    
   2.402291969      0.2214868095    
   2.419400056      0.2194573279    
   2.436508143      0.2176949433    
   2.453616230      0.2162104698    
   2.470724316      0.2150102385    
   2.487832403      0.2141166349    
   2.504940490      0.2135788339    
   2.522048577      0.2134951131    
   2.539156664      0.2140951670    
   2.539156664      0.2140951670    
   2.556167670      0.2147967894    
   2.573178676      0.2168651879    
   2.590189683      0.2202356561    
   2.607200689      0.2247807022    
   2.624211695      0.2303804714    
   2.641222702      0.2369033736    
   2.658233708      0.2442302481    
   2.675244714      0.2522576679    
   2.692255721      0.2608953789    
   2.709266727      0.2700722601    
   2.726277734      0.2797180720    
   2.743288740      0.2897728420    
   2.760299746      0.3001733437    
   2.777310753      0.3108404768    
   2.794321759      0.3216453431    
   2.811332765      0.3323001123    
   2.828343772      0.3418520561    
   2.845354778      0.3466143374    
   2.845354778      0.3466143374    
   2.862675959      0.3424161838    
   2.879997140      0.3377270918    
   2.897318321      0.3330222736    
   2.914639502      0.3284966494    
   2.931960683      0.3242418553    
   2.949281864      0.3203094558    
   2.966603045      0.3167359844    
   2.983924226      0.3135459573    
   3.001245407      0.3107627502    
   3.018566588      0.3084017587    
   3.035887770      0.3064887520    
   3.053208951      0.3033352709    
   3.070530132      0.2990803044    
   3.087851313      0.2948204303    
   3.105172494      0.2904801633    
   3.122493675      0.2859635988    
   3.139814856      0.2811616764    
   3.157136037      0.2759722824    
   3.174457218      0.2703513866    
   3.191778399      0.2643706326    
   3.209099580      0.2582731856    
   3.226420761      0.2524886128    
   3.243741942      0.2476049888    
   3.261063123      0.2442891908    
   3.278384304      0.2431074773    
     
   0.000000000      0.2842432937    
  0.1701100635E-01  0.2849371147    
  0.3402201271E-01  0.2869709904    
  0.5103301906E-01  0.2902243955    
  0.6804402542E-01  0.2945164885    
  0.8505503177E-01  0.2996780027    
  0.1020660381      0.3055512709    
  0.1190770445      0.3120045938    
  0.1360880508      0.3189324153    
  0.1530990572      0.3262475103    
  0.1701100635      0.3338926752    
  0.1871210699      0.3418132244    
  0.2041320763      0.3455173056    
  0.2211430826      0.3405973974    
  0.2381540890      0.3342833198    
  0.2551650953      0.3271274997    
  0.2721761017      0.3195189638    
  0.2891871080      0.3117351722    
  0.3061981144      0.3039447746    
  0.3232091207      0.2962654058    
  0.3402201271      0.2887887229    
  0.3572311334      0.2815475458    
  0.3742421398      0.2745932631    
  0.3912531462      0.2679538679    
  0.4082641525      0.2616491230    
  0.4252751589      0.2556927496    
  0.4422861652      0.2500939391    
  0.4592971716      0.2448584303    
  0.4763081779      0.2399892992    
  0.4933191843      0.2354875516    
  0.5103301906      0.2313654837    
  0.5273411970      0.2275954487    
  0.5443522034      0.2241874323    
  0.5613632097      0.2211378175    
  0.5783742161      0.2184423957    
  0.5953852224      0.2160965525    
  0.6123962288      0.2140951672    
  0.6123962288      0.2140951672    
  0.6290512105      0.2153250391    
  0.6457061923      0.2189079514    
  0.6623611741      0.2245963370    
  0.6790161559      0.2320556906    
  0.6956711376      0.2409617610    
  0.7123261194      0.2510393427    
  0.7289811012      0.2620700915    
  0.7456360830      0.2738862111    
  0.7622910647      0.2863595687    
  0.7789460465      0.2993910339    
  0.7956010283      0.3129014422    
  0.8122560101      0.3268276150    
  0.8289109918      0.3411003208    
  0.8455659736      0.3556563628    
  0.8622209554      0.3704071263    
  0.8788759372      0.3852041951    
  0.8955309189      0.3996766104    
  0.9121859007      0.4126225300    
  0.9288408825      0.4158730083    
  0.9454958643      0.4081753841    
  0.9621508460      0.4006633901    
  0.9788058278      0.3933870898    
  0.9954608096      0.3863186284    
   1.012115791      0.3794818211    
   1.028770773      0.3728696881    
   1.045425755      0.3664849397    
   1.062080737      0.3603314938    
   1.078735718      0.3544080309    
   1.095390700      0.3487180418    
   1.112045682      0.3432623471    
   1.128700664      0.3380436991    
   1.145355646      0.3330625001    
   1.162010627      0.3283197544    
   1.178665609      0.3238163428    
   1.195320591      0.3195530392    
   1.211975573      0.3155341398    
   1.228630554      0.3117536375    
   1.245285536      0.3082142301    
   1.261940518      0.3049172160    
   1.278595500      0.3018630062    
   1.295250482      0.2990519624    
   1.311905463      0.2975556242    
   1.328560445      0.2965320943    
   1.345215427      0.2954560246    
   1.361870409      0.2939786484    
   1.378525390      0.2916365337    
   1.395180372      0.2895460777    
   1.411835354      0.2877394316    
   1.428490336      0.2862628320    
   1.445145317      0.2851566937    
   1.461800299      0.2844745573    
   1.478455281      0.2842432937    
   1.478455281      0.2842432937    
   1.495028740      0.2845438984    
   1.511602199      0.2854326996    
   1.528175658      0.2868749031    
   1.544749117      0.2888074814    
   1.561322577      0.2911597252    
   1.577896036      0.2938482130    
   1.594469495      0.2967830433    
   1.611042954      0.2998703881    
   1.627616413      0.3030131150    
   1.644189872      0.3061165036    
   1.660763331      0.3090842743    
   1.677336790      0.3118253282    
   1.693910249      0.3142612799    
   1.710483708      0.3163260290    
   1.727057168      0.3179757258    
   1.743630627      0.3191915172    
   1.760204086      0.3199803425    
   1.776777545      0.3203722578    
   1.793351004      0.3204150326    
   1.809924463      0.3201506047    
   1.826497922      0.3196749675    
   1.843071381      0.3190357136    
   1.859644840      0.3182919819    
   1.876218300      0.3174997083    
   1.892791759      0.3166996758    
   1.909365218      0.3159339221    
   1.925938677      0.3152350726    
   1.942512136      0.3146295478    
   1.959085595      0.3141381018    
   1.975659054      0.3137763206    
   1.992232513      0.3135630279    
   2.008805972      0.3134910495    
   2.008805972      0.3134910495    
   2.025914059      0.3132082610    
   2.043022146      0.3124520813    
   2.060130233      0.3114071809    
   2.077238320      0.3104268415    
   2.094346406      0.3100725690    
   2.111454493      0.3111235879    
   2.128562580      0.3143364989    
   2.145670667      0.3199725175    
   2.162778754      0.3276479716    
   2.179886840      0.3367529404    
   2.196994927      0.3468144890    
   2.214103014      0.3574613766    
   2.231211101      0.3680872455    
   2.248319188      0.3714643312    
   2.265427275      0.3596620947    
   2.282535361      0.3465282273    
   2.299643448      0.3335004177    
   2.316751535      0.3207519740    
   2.333859622      0.3083520733    
   2.350967709      0.2963537151    
   2.368075795      0.2848043794    
   2.385183882      0.2737626459    
   2.402291969      0.2632954043    
   2.419400056      0.2534865983    
   2.436508143      0.2444408108    
   2.453616230      0.2362872105    
   2.470724316      0.2291802437    
   2.487832403      0.2232920895    
   2.504940490      0.2187863458    
   2.522048577      0.2157545837    
   2.539156664      0.2140951672    
   2.539156664      0.2140951672    
   2.556167670      0.2147967896    
   2.573178676      0.2168651881    
   2.590189683      0.2202356563    
   2.607200689      0.2247807024    
   2.624211695      0.2303804716    
   2.641222702      0.2369033738    
   2.658233708      0.2442302483    
   2.675244714      0.2522576680    
   2.692255721      0.2608953791    
   2.709266727      0.2700722603    
   2.726277734      0.2797180722    
   2.743288740      0.2897728422    
   2.760299746      0.3001733439    
   2.777310753      0.3108404770    
   2.794321759      0.3216453433    
   2.811332765      0.3323001125    
   2.828343772      0.3418520563    
   2.845354778      0.3466143377    
   2.845354778      0.3466143377    
   2.862675959      0.3491454747    
   2.879997140      0.3484828249    
   2.897318321      0.3451278820    
   2.914639502      0.3406200842    
   2.931960683      0.3357526671    
   2.949281864      0.3308200659    
   2.966603045      0.3259456964    
   2.983924226      0.3211796194    
   3.001245407      0.3165408499    
   3.018566588      0.3120283137    
   3.035887770      0.3076400354    
   3.053208951      0.3050323401    
   3.070530132      0.3040382729    
   3.087851313      0.3035096963    
   3.105172494      0.3034377890    
   3.122493675      0.3038003588    
   3.139814856      0.3045666746    
   3.157136037      0.3056456933    
   3.174457218      0.3069925981    
   3.191778399      0.3084828244    
   3.209099580      0.3099911877    
   3.226420761      0.3113761626    
   3.243741942      0.3124955968    
   3.261063123      0.3132262941    
   3.278384304      0.3134910495    
     
   0.000000000      0.2842432938    
  0.1701100635E-01  0.2849371281    
  0.3402201271E-01  0.2869710041    
  0.5103301906E-01  0.2902244093    
  0.6804402542E-01  0.2945165029    
  0.8505503177E-01  0.2996780179    
  0.1020660381      0.3055512870    
  0.1190770445      0.3120046109    
  0.1360880508      0.3189324335    
  0.1530990572      0.3262475298    
  0.1701100635      0.3338926960    
  0.1871210699      0.3418132466    
  0.2041320763      0.3499687526    
  0.2211430826      0.3583269767    
  0.2381540890      0.3668618640    
  0.2551650953      0.3755522570    
  0.2721761017      0.3843592414    
  0.2891871080      0.3933107167    
  0.3061981144      0.4023745230    
  0.3232091207      0.4115410642    
  0.3402201271      0.4208139635    
  0.3572311334      0.4301628063    
  0.3742421398      0.4395940180    
  0.3912531462      0.4491022598    
  0.4082641525      0.4586813430    
  0.4252751589      0.4683264299    
  0.4422861652      0.4780284929    
  0.4592971716      0.4877757152    
  0.4763081779      0.4975501748    
  0.4933191843      0.5073235192    
  0.5103301906      0.5170591130    
  0.5273411970      0.5266576961    
  0.5443522034      0.5359872606    
  0.5613632097      0.5447808548    
  0.5783742161      0.5525160647    
  0.5953852224      0.5582036439    
  0.6123962288      0.5603783202    
  0.6123962288      0.5603783202    
  0.6290512105      0.5592021746    
  0.6457061923      0.5558271659    
  0.6623611741      0.5506338576    
  0.6790161559      0.5440713549    
  0.6956711376      0.5365418623    
  0.7123261194      0.5283599882    
  0.7289811012      0.5197567768    
  0.7456360830      0.5108980246    
  0.7622910647      0.5019025161    
  0.7789460465      0.4928561559    
  0.7956010283      0.4838219744    
  0.8122560101      0.4748489507    
  0.8289109918      0.4659685109    
  0.8455659736      0.4572104036    
  0.8622209554      0.4485960789    
  0.8788759372      0.4401443169    
  0.8955309189      0.4318693980    
  0.9121859007      0.4237754666    
  0.9288408825      0.4197694573    
  0.9454958643      0.4178616214    
  0.9621508460      0.4120498815    
  0.9788058278      0.4053006699    
  0.9954608096      0.3983607251    
   1.012115791      0.3914754157    
   1.028770773      0.3847285923    
   1.045425755      0.3781616426    
   1.062080737      0.3718007578    
   1.078735718      0.3656463498    
   1.095390700      0.3597102651    
   1.112045682      0.3539834684    
   1.128700664      0.3484911196    
   1.145355646      0.3432214190    
   1.162010627      0.3381733942    
   1.178665609      0.3333453287    
   1.195320591      0.3287348915    
   1.211975573      0.3243459841    
   1.228630554      0.3201757640    
   1.245285536      0.3161987443    
   1.261940518      0.3124260719    
   1.278595500      0.3088542591    
   1.295250482      0.3054830286    
   1.311905463      0.3023073307    
   1.328560445      0.2993266404    
   1.345215427      0.2965472529    
   1.361870409      0.2943295242    
   1.378525390      0.2931255971    
   1.395180372      0.2917939272    
   1.411835354      0.2902464694    
   1.428490336      0.2884420543    
   1.445145317      0.2864971111    
   1.461800299      0.2848832189    
   1.478455281      0.2842432938    
   1.478455281      0.2842432938    
   1.495028740      0.2846188701    
   1.511602199      0.2854327083    
   1.528175658      0.2868749112    
   1.544749117      0.2888074891    
   1.561322577      0.2911597326    
   1.577896036      0.2938482200    
   1.594469495      0.2967830499    
   1.611042954      0.2998703944    
   1.627616413      0.3030131211    
   1.644189872      0.3061165094    
   1.660763331      0.3090842800    
   1.677336790      0.3118253339    
   1.693910249      0.3142612857    
   1.710483708      0.3163260350    
   1.727057168      0.3179757320    
   1.743630627      0.3191915238    
   1.760204086      0.3199803495    
   1.776777545      0.3203722652    
   1.793351004      0.3204150405    
   1.809924463      0.3201506125    
   1.826497922      0.3196749756    
   1.843071381      0.3190357221    
   1.859644840      0.3182919906    
   1.876218300      0.3174997170    
   1.892791759      0.3166996847    
   1.909365218      0.3159339311    
   1.925938677      0.3152350817    
   1.942512136      0.3146295570    
   1.959085595      0.3141381110    
   1.975659054      0.3137763298    
   1.992232513      0.3135630370    
   2.008805972      0.3134910586    
   2.008805972      0.3134910586    
   2.025914059      0.3139966022    
   2.043022146      0.3155234669    
   2.060130233      0.3180336882    
   2.077238320      0.3214802626    
   2.094346406      0.3258050920    
   2.111454493      0.3309443036    
   2.128562580      0.3368312103    
   2.145670667      0.3434060899    
   2.162778754      0.3506087034    
   2.179886840      0.3583856618    
   2.196994927      0.3667048064    
   2.214103014      0.3754913041    
   2.231211101      0.3847220849    
   2.248319188      0.3839203856    
   2.265427275      0.3940339618    
   2.282535361      0.4060022820    
   2.299643448      0.4183753536    
   2.316751535      0.4309676890    
   2.333859622      0.4436997896    
   2.350967709      0.4565184782    
   2.368075795      0.4693611177    
   2.385183882      0.4821585231    
   2.402291969      0.4941538695    
   2.419400056      0.5058107996    
   2.436508143      0.5172242446    
   2.453616230      0.5281680216    
   2.470724316      0.5383086189    
   2.487832403      0.5471906250    
   2.504940490      0.5542322437    
   2.522048577      0.5587937494    
   2.539156664      0.5603783202    
   2.539156664      0.5603783202    
   2.556167670      0.5593442551    
   2.573178676      0.5560810005    
   2.590189683      0.5502803709    
   2.607200689      0.5419092001    
   2.624211695      0.5314326258    
   2.641222702      0.5195258346    
   2.658233708      0.5067512550    
   2.675244714      0.4934913370    
   2.692255721      0.4799822794    
   2.709266727      0.4664006652    
   2.726277734      0.4528355951    
   2.743288740      0.4393742520    
   2.760299746      0.4260888073    
   2.777310753      0.4130440434    
   2.794321759      0.4004044348    
   2.811332765      0.3884477818    
   2.828343772      0.3781102944    
   2.845354778      0.3730862389    
   2.845354778      0.3730862389    
   2.862675959      0.3704179361    
   2.879997140      0.3714855097    
   2.897318321      0.3757760289    
   2.914639502      0.3817587697    
   2.931960683      0.3886425670    
   2.949281864      0.3960929304    
   2.966603045      0.4039917844    
   2.983924226      0.4122694576    
   3.001245407      0.4208696268    
   3.018566588      0.4295967301    
   3.035887770      0.4292492990    
   3.053208951      0.4152183631    
   3.070530132      0.4012669970    
   3.087851313      0.3878356286    
   3.105172494      0.3750835750    
   3.122493675      0.3631727934    
   3.139814856      0.3522860831    
   3.157136037      0.3426021056    
   3.174457218      0.3343208137    
   3.191778399      0.3275127309    
   3.209099580      0.3221818360    
   3.226420761      0.3182375405    
   3.243741942      0.3155480753    
   3.261063123      0.3139902603    
   3.278384304      0.3134910586    
     
   0.000000000      0.3069619480    
  0.1701100635E-01  0.3078358853    
  0.3402201271E-01  0.3103672208    
  0.5103301906E-01  0.3143142240    
  0.6804402542E-01  0.3193475932    
  0.8505503177E-01  0.3251019466    
  0.1020660381      0.3311902351    
  0.1190770445      0.3371814377    
  0.1360880508      0.3425547415    
  0.1530990572      0.3466524617    
  0.1701100635      0.3487826079    
  0.1871210699      0.3484001074    
  0.2041320763      0.3499687764    
  0.2211430826      0.3583270021    
  0.2381540890      0.3668618912    
  0.2551650953      0.3755522859    
  0.2721761017      0.3843592723    
  0.2891871080      0.3933107496    
  0.3061981144      0.4023745579    
  0.3232091207      0.4115411010    
  0.3402201271      0.4208140024    
  0.3572311334      0.4301628473    
  0.3742421398      0.4395940611    
  0.3912531462      0.4491023050    
  0.4082641525      0.4586813903    
  0.4252751589      0.4683264792    
  0.4422861652      0.4780285440    
  0.4592971716      0.4877757681    
  0.4763081779      0.4975502292    
  0.4933191843      0.5073235748    
  0.5103301906      0.5170591694    
  0.5273411970      0.5266577526    
  0.5443522034      0.5359873158    
  0.5613632097      0.5447809063    
  0.5783742161      0.5525161077    
  0.5953852224      0.5582036704    
  0.6123962288      0.5603783203    
  0.6123962288      0.5603783203    
  0.6290512105      0.5596209666    
  0.6457061923      0.5574155452    
  0.6623611741      0.5539369797    
  0.6790161559      0.5494151670    
  0.6956711376      0.5440803664    
  0.7123261194      0.5381285660    
  0.7289811012      0.5317417707    
  0.7456360830      0.5250436741    
  0.7622910647      0.5181370277    
  0.7789460465      0.5111022602    
  0.7956010283      0.5040030625    
  0.8122560101      0.4968395902    
  0.8289109918      0.4871060887    
  0.8455659736      0.4776855361    
  0.8622209554      0.4686344658    
  0.8788759372      0.4600783702    
  0.8955309189      0.4523449428    
  0.9121859007      0.4465982479    
  0.9288408825      0.4470474063    
  0.9454958643      0.4435850663    
  0.9621508460      0.4377556322    
  0.9788058278      0.4321951057    
  0.9954608096      0.4269271641    
   1.012115791      0.4219804287    
   1.028770773      0.4173859411    
   1.045425755      0.4131771175    
   1.062080737      0.4093891346    
   1.078735718      0.4060573789    
   1.095390700      0.4032144793    
   1.112045682      0.4008841302    
   1.128700664      0.3990789927    
   1.145355646      0.3977830506    
   1.162010627      0.3969452874    
   1.178665609      0.3964656465    
   1.195320591      0.3961824243    
   1.211975573      0.3958677999    
   1.228630554      0.3952075029    
   1.245285536      0.3937977423    
   1.261940518      0.3912441597    
   1.278595500      0.3872116834    
   1.295250482      0.3815621698    
   1.311905463      0.3744179640    
   1.328560445      0.3661004607    
   1.345215427      0.3570268619    
   1.361870409      0.3476190534    
   1.378525390      0.3382850167    
   1.395180372      0.3294415719    
   1.411835354      0.3215446759    
   1.428490336      0.3150938877    
   1.445145317      0.3104819106    
   1.461800299      0.3078174327    
   1.478455281      0.3069619480    
   1.478455281      0.3069619480    
   1.495028740      0.3078144210    
   1.511602199      0.3105139228    
   1.528175658      0.3152359734    
   1.544749117      0.3218150645    
   1.561322577      0.3298095888    
   1.577896036      0.3387682706    
   1.594469495      0.3483488386    
   1.611042954      0.3583154519    
   1.627616413      0.3685084167    
   1.644189872      0.3788183179    
   1.660763331      0.3891661604    
   1.677336790      0.3994953092    
   1.693910249      0.4097564380    
   1.710483708      0.4198976741    
   1.727057168      0.4298544074    
   1.743630627      0.4395303570    
   1.760204086      0.4487679883    
   1.776777545      0.4573015775    
   1.793351004      0.4647042644    
   1.809924463      0.4704144376    
   1.826497922      0.4740341166    
   1.843071381      0.4756941970    
   1.859644840      0.4759673888    
   1.876218300      0.4754456783    
   1.892791759      0.4745352771    
   1.909365218      0.4734905282    
   1.925938677      0.4724609962    
   1.942512136      0.4715372978    
   1.959085595      0.4707755597    
   1.975659054      0.4702108328    
   1.992232513      0.4698686459    
   2.008805972      0.4697641733    
   2.008805972      0.4697641733    
   2.025914059      0.4703074925    
   2.043022146      0.4718935822    
   2.060130233      0.4742437574    
   2.077238320      0.4767841591    
   2.094346406      0.4783008123    
   2.111454493      0.4765174260    
   2.128562580      0.4694880743    
   2.145670667      0.4583233326    
   2.162778754      0.4451641844    
   2.179886840      0.4312216147    
   2.196994927      0.4170491204    
   2.214103014      0.4029716589    
   2.231211101      0.3895242589    
   2.248319188      0.3943679450    
   2.265427275      0.4043892217    
   2.282535361      0.4147588568    
   2.299643448      0.4254468770    
   2.316751535      0.4364162795    
   2.333859622      0.4476419888    
   2.350967709      0.4590896077    
   2.368075795      0.4706950764    
   2.385183882      0.4824115198    
   2.402291969      0.4948163797    
   2.419400056      0.5072036179    
   2.436508143      0.5191305997    
   2.453616230      0.5303213684    
   2.470724316      0.5403903452    
   2.487832403      0.5488439244    
   2.504940490      0.5551875936    
   2.522048577      0.5590773139    
   2.539156664      0.5603783203    
   2.539156664      0.5603783203    
   2.556167670      0.5593442552    
   2.573178676      0.5560810006    
   2.590189683      0.5502803710    
   2.607200689      0.5419092003    
   2.624211695      0.5314326260    
   2.641222702      0.5195258348    
   2.658233708      0.5067512552    
   2.675244714      0.4934913372    
   2.692255721      0.4799822795    
   2.709266727      0.4664006654    
   2.726277734      0.4528355953    
   2.743288740      0.4393742522    
   2.760299746      0.4260888075    
   2.777310753      0.4130440436    
   2.794321759      0.4004044349    
   2.811332765      0.3884477819    
   2.828343772      0.3781102944    
   2.845354778      0.3730862389    
   2.845354778      0.3730862389    
   2.862675959      0.3779671971    
   2.879997140      0.3838875635    
   2.897318321      0.3903732909    
   2.914639502      0.3972321957    
   2.931960683      0.4043730341    
   2.949281864      0.4117378230    
   2.966603045      0.4192923570    
   2.983924226      0.4269863231    
   3.001245407      0.4347831953    
   3.018566588      0.4426296177    
   3.035887770      0.4400322424    
   3.053208951      0.4492162693    
   3.070530132      0.4590932235    
   3.087851313      0.4693250328    
   3.105172494      0.4785356238    
   3.122493675      0.4832311734    
   3.139814856      0.4860157409    
   3.157136037      0.4865290321    
   3.174457218      0.4849588369    
   3.191778399      0.4819808922    
   3.209099580      0.4784221278    
   3.226420761      0.4749864019    
   3.243741942      0.4721891229    
   3.261063123      0.4703801961    
   3.278384304      0.4697641733    
     
   0.000000000      0.4742666592    
  0.1701100635E-01  0.4748387324    
  0.3402201271E-01  0.4765414257    
  0.5103301906E-01  0.4750229088    
  0.6804402542E-01  0.4683158852    
  0.8505503177E-01  0.4608078284    
  0.1020660381      0.4530222113    
  0.1190770445      0.4454910810    
  0.1360880508      0.4388092637    
  0.1530990572      0.4336512730    
  0.1701100635      0.4308248653    
  0.1871210699      0.4308264853    
  0.2041320763      0.4337470118    
  0.2211430826      0.4390976135    
  0.2381540890      0.4462448685    
  0.2551650953      0.4546410613    
  0.2721761017      0.4638886313    
  0.2891871080      0.4737243530    
  0.3061981144      0.4839640301    
  0.3232091207      0.4944801223    
  0.3402201271      0.5051947055    
  0.3572311334      0.5160047931    
  0.3742421398      0.5268706976    
  0.3912531462      0.5377455136    
  0.4082641525      0.5485891026    
  0.4252751589      0.5593661055    
  0.4422861652      0.5700445072    
  0.4592971716      0.5805944609    
  0.4763081779      0.5909871729    
  0.4933191843      0.6011937013    
  0.5103301906      0.6112043730    
  0.5273411970      0.6209424654    
  0.5443522034      0.6303911572    
  0.5613632097      0.6310418686    
  0.5783742161      0.6227623734    
  0.5953852224      0.6167844913    
  0.6123962288      0.6144950079    
  0.6123962288      0.6144950079    
  0.6290512105      0.6112855346    
  0.6457061923      0.6034281758    
  0.6623611741      0.5934099063    
  0.6790161559      0.5826007837    
  0.6956711376      0.5714965198    
  0.7123261194      0.5603452319    
  0.7289811012      0.5492745636    
  0.7456360830      0.5383527450    
  0.7622910647      0.5276217144    
  0.7789460465      0.5171094497    
  0.7956010283      0.5068371577    
  0.8122560101      0.4968972739    
  0.8289109918      0.4898137262    
  0.8455659736      0.4827949583    
  0.8622209554      0.4758717715    
  0.8788759372      0.4690723072    
  0.8955309189      0.4624218002    
  0.9121859007      0.4559411741    
  0.9288408825      0.4496531972    
  0.9454958643      0.4569473918    
  0.9621508460      0.4565060358    
  0.9788058278      0.4509387796    
  0.9954608096      0.4457581723    
   1.012115791      0.4409809464    
   1.028770773      0.4366244164    
   1.045425755      0.4327064460    
   1.062080737      0.4292453480    
   1.078735718      0.4262597043    
   1.095390700      0.4237680979    
   1.112045682      0.4217653038    
   1.128700664      0.4203139799    
   1.145355646      0.4194081055    
   1.162010627      0.4190615582    
   1.178665609      0.4192853963    
   1.195320591      0.4200870599    
   1.211975573      0.4215047888    
   1.228630554      0.4235002564    
   1.245285536      0.4260308082    
   1.261940518      0.4291158935    
   1.278595500      0.4327318777    
   1.295250482      0.4368457320    
   1.311905463      0.4414200066    
   1.328560445      0.4463838852    
   1.345215427      0.4516681368    
   1.361870409      0.4571842520    
   1.378525390      0.4627827270    
   1.395180372      0.4683029469    
   1.411835354      0.4735182443    
   1.428490336      0.4781486391    
   1.445145317      0.4764467839    
   1.461800299      0.4748150185    
   1.478455281      0.4742666592    
   1.478455281      0.4742666592    
   1.495028740      0.4748096514    
   1.511602199      0.4764251686    
   1.528175658      0.4790730706    
   1.544749117      0.4779289996    
   1.561322577      0.4746551228    
   1.577896036      0.4712186883    
   1.594469495      0.4678144042    
   1.611042954      0.4646145046    
   1.627616413      0.4617613071    
   1.644189872      0.4594133191    
   1.660763331      0.4576817732    
   1.677336790      0.4566584718    
   1.693910249      0.4564823633    
   1.710483708      0.4572072823    
   1.727057168      0.4588853072    
   1.743630627      0.4615415306    
   1.760204086      0.4651737855    
   1.776777545      0.4697556551    
   1.793351004      0.4752420745    
   1.809924463      0.4815471558    
   1.826497922      0.4886671146    
   1.843071381      0.4965091706    
   1.859644840      0.5050133097    
   1.876218300      0.5141330378    
   1.892791759      0.5237993686    
   1.909365218      0.5339759212    
   1.925938677      0.5446183164    
   1.942512136      0.5556787148    
   1.959085595      0.5670915857    
   1.975659054      0.5787222641    
   1.992232513      0.5901060422    
   2.008805972      0.5972803084    
   2.008805972      0.5972803084    
   2.025914059      0.5860363547    
   2.043022146      0.5708817492    
   2.060130233      0.5557333141    
   2.077238320      0.5414631432    
   2.094346406      0.5292812199    
   2.111454493      0.5213633411    
   2.128562580      0.5194987509    
   2.145670667      0.5224307212    
   2.162778754      0.5278279890    
   2.179886840      0.5342662237    
   2.196994927      0.5410124046    
   2.214103014      0.5476159933    
   2.231211101      0.5537989229    
   2.248319188      0.5594120321    
   2.265427275      0.5643860091    
   2.282535361      0.5687562565    
   2.299643448      0.5726031334    
   2.316751535      0.5760182981    
   2.333859622      0.5791024289    
   2.350967709      0.5819387762    
   2.368075795      0.5845901293    
   2.385183882      0.5871465209    
   2.402291969      0.5896641410    
   2.419400056      0.5922192548    
   2.436508143      0.5949097014    
   2.453616230      0.5978654079    
   2.470724316      0.6012418352    
   2.487832403      0.6051249082    
   2.504940490      0.6093150704    
   2.522048577      0.6129828146    
   2.539156664      0.6144950079    
   2.539156664      0.6144950079    
   2.556167670      0.6119410740    
   2.573178676      0.6062093681    
   2.590189683      0.6002651128    
   2.607200689      0.5955361160    
   2.624211695      0.5923303102    
   2.641222702      0.5902668817    
   2.658233708      0.5889595936    
   2.675244714      0.5881333721    
   2.692255721      0.5876081059    
   2.709266727      0.5872908761    
   2.726277734      0.5871002171    
   2.743288740      0.5869948580    
   2.760299746      0.5869440557    
   2.777310753      0.5869257273    
   2.794321759      0.5869258472    
   2.811332765      0.5869381774    
   2.828343772      0.5869449058    
   2.845354778      0.5869475930    
   2.845354778      0.5869475930    
   2.862675959      0.5764744972    
   2.879997140      0.5643402499    
   2.897318321      0.5508995098    
   2.914639502      0.5365386661    
   2.931960683      0.5215895391    
   2.949281864      0.5062885115    
   2.966603045      0.4908421146    
   2.983924226      0.4754023530    
   3.001245407      0.4601072881    
   3.018566588      0.4452193874    
   3.035887770      0.4504603884    
   3.053208951      0.4581588241    
   3.070530132      0.4655787318    
   3.087851313      0.4724877260    
   3.105172494      0.4798748104    
   3.122493675      0.4907304380    
   3.139814856      0.5018974983    
   3.157136037      0.5133450032    
   3.174457218      0.5250926208    
   3.191778399      0.5371113414    
   3.209099580      0.5494016160    
   3.226420761      0.5619432955    
   3.243741942      0.5746858177    
   3.261063123      0.5874741746    
   3.278384304      0.5972803084    
     
   0.000000000      0.4851046691    
  0.1701100635E-01  0.4838859539    
  0.3402201271E-01  0.4803884883    
  0.5103301906E-01  0.4793364947    
  0.6804402542E-01  0.4831637172    
  0.8505503177E-01  0.4879500343    
  0.1020660381      0.4903206370    
  0.1190770445      0.4922047590    
  0.1360880508      0.4943791315    
  0.1530990572      0.4968433997    
  0.1701100635      0.4995987145    
  0.1871210699      0.5026448261    
  0.2041320763      0.5059819594    
  0.2211430826      0.5096103593    
  0.2381540890      0.5135302898    
  0.2551650953      0.5177420336    
  0.2721761017      0.5221911756    
  0.2891871080      0.5269849721    
  0.3061981144      0.5320714416    
  0.3232091207      0.5374509331    
  0.3402201271      0.5431238115    
  0.3572311334      0.5490904563    
  0.3742421398      0.5553512610    
  0.3912531462      0.5619066321    
  0.4082641525      0.5687569885    
  0.4252751589      0.5759027597    
  0.4422861652      0.5833443857    
  0.4592971716      0.5910823152    
  0.4763081779      0.5991170044    
  0.4933191843      0.6074489159    
  0.5103301906      0.6160785172    
  0.5273411970      0.6250062792    
  0.5443522034      0.6342326744    
  0.5613632097      0.6310419300    
  0.5783742161      0.6227624228    
  0.5953852224      0.6167845214    
  0.6123962288      0.6144950081    
  0.6123962288      0.6144950081    
  0.6290512105      0.6126471559    
  0.6457061923      0.6076841288    
  0.6623611741      0.6007149706    
  0.6790161559      0.5926171584    
  0.6956711376      0.5839058783    
  0.7123261194      0.5749132278    
  0.7289811012      0.5658056092    
  0.7456360830      0.5566952626    
  0.7622910647      0.5476568878    
  0.7789460465      0.5387432306    
  0.7956010283      0.5299936068    
  0.8122560101      0.5214516967    
  0.8289109918      0.5131167528    
  0.8455659736      0.5050231108    
  0.8622209554      0.4971896740    
  0.8788759372      0.4896379502    
  0.8955309189      0.4823822723    
  0.9121859007      0.4754276455    
  0.9288408825      0.4687916940    
  0.9454958643      0.4625006014    
  0.9621508460      0.4710494730    
  0.9788058278      0.4863022990    
  0.9954608096      0.5018120192    
   1.012115791      0.5171643412    
   1.028770773      0.5319873786    
   1.045425755      0.5458391054    
   1.062080737      0.5581860349    
   1.078735718      0.5682874943    
   1.095390700      0.5755873217    
   1.112045682      0.5798221075    
   1.128700664      0.5812124601    
   1.145355646      0.5794814550    
   1.162010627      0.5642946916    
   1.178665609      0.5495987581    
   1.195320591      0.5355904398    
   1.211975573      0.5224890857    
   1.228630554      0.5105694570    
   1.245285536      0.5001251642    
   1.261940518      0.4914947619    
   1.278595500      0.4849313053    
   1.295250482      0.4805006725    
   1.311905463      0.4780134071    
   1.328560445      0.4770789399    
   1.345215427      0.4772685305    
   1.361870409      0.4781844255    
   1.378525390      0.4794781130    
   1.395180372      0.4809035779    
   1.411835354      0.4822718715    
   1.428490336      0.4791230645    
   1.445145317      0.4818490764    
   1.461800299      0.4842629440    
   1.478455281      0.4851046691    
   1.478455281      0.4851046691    
   1.495028740      0.4845931908    
   1.511602199      0.4831153275    
   1.528175658      0.4808244304    
   1.544749117      0.4779290833    
   1.561322577      0.4746552014    
   1.577896036      0.4712187620    
   1.594469495      0.4678144733    
   1.611042954      0.4646145694    
   1.627616413      0.4617613685    
   1.644189872      0.4594133771    
   1.660763331      0.4576818279    
   1.677336790      0.4566585234    
   1.693910249      0.4564824122    
   1.710483708      0.4572073286    
   1.727057168      0.4588853511    
   1.743630627      0.4615415722    
   1.760204086      0.4651738249    
   1.776777545      0.4697556926    
   1.793351004      0.4752421102    
   1.809924463      0.4815471896    
   1.826497922      0.4886671470    
   1.843071381      0.4965092017    
   1.859644840      0.5050133397    
   1.876218300      0.5141330667    
   1.892791759      0.5237993966    
   1.909365218      0.5339759487    
   1.925938677      0.5446183435    
   1.942512136      0.5556787418    
   1.959085595      0.5670916130    
   1.975659054      0.5787222927    
   1.992232513      0.5901060743    
   2.008805972      0.5972803506    
   2.008805972      0.5972803506    
   2.025914059      0.5969120537    
   2.043022146      0.5961777053    
   2.060130233      0.5951699924    
   2.077238320      0.5940591361    
   2.094346406      0.5929611598    
   2.111454493      0.5919478830    
   2.128562580      0.5910630989    
   2.145670667      0.5903338345    
   2.162778754      0.5897769656    
   2.179886840      0.5894029609    
   2.196994927      0.5892144427    
   2.214103014      0.5892214143    
   2.231211101      0.5894123024    
   2.248319188      0.5898036940    
   2.265427275      0.5903838250    
   2.282535361      0.5911413056    
   2.299643448      0.5920836258    
   2.316751535      0.5931942006    
   2.333859622      0.5944666726    
   2.350967709      0.5958928600    
   2.368075795      0.5974499413    
   2.385183882      0.5991298270    
   2.402291969      0.6009146359    
   2.419400056      0.6027871843    
   2.436508143      0.6047301619    
   2.453616230      0.6067372244    
   2.470724316      0.6087585908    
   2.487832403      0.6107510504    
   2.504940490      0.6126110453    
   2.522048577      0.6139755376    
   2.539156664      0.6144950081    
   2.539156664      0.6144950081    
   2.556167670      0.6119410742    
   2.573178676      0.6062093684    
   2.590189683      0.6002651130    
   2.607200689      0.5955361162    
   2.624211695      0.5923303104    
   2.641222702      0.5902668818    
   2.658233708      0.5889595937    
   2.675244714      0.5881333722    
   2.692255721      0.5876081060    
   2.709266727      0.5872908762    
   2.726277734      0.5871002172    
   2.743288740      0.5869948581    
   2.760299746      0.5869440558    
   2.777310753      0.5869257274    
   2.794321759      0.5869258473    
   2.811332765      0.5869381775    
   2.828343772      0.5869449059    
   2.845354778      0.5869475930    
   2.845354778      0.5869475930    
   2.862675959      0.5955215959    
   2.879997140      0.6021575095    
   2.897318321      0.6069917543    
   2.914639502      0.6102574446    
   2.931960683      0.6121835594    
   2.949281864      0.6128964080    
   2.966603045      0.6124923236    
   2.983924226      0.6109637971    
   3.001245407      0.6082337213    
   3.018566588      0.6041807804    
   3.035887770      0.5987828749    
   3.053208951      0.5921836333    
   3.070530132      0.5847791873    
   3.087851313      0.5772049972    
   3.105172494      0.5702200505    
   3.122493675      0.5646637336    
   3.139814856      0.5613708896    
   3.157136037      0.5608862109    
   3.174457218      0.5632345182    
   3.191778399      0.5678439931    
   3.209099580      0.5739720994    
   3.226420761      0.5809206177    
   3.243741942      0.5880090712    
   3.261063123      0.5942676664    
   3.278384304      0.5972803506    
     
