     8 : nkpt
    10 : nstsv

     1  0.1250000000      0.2500000000      0.3125000000     : k-point, vkl
 (state, eigenvalue and occupancy below)
     1 -0.2130005831       2.000000000    
     2  0.5403955922E-01   2.000000000    
     3  0.1139511262       2.000000000    
     4  0.1438057063       2.000000000    
     5  0.2675529883       0.000000000    
     6  0.3319094801       0.000000000    
     7  0.3537315148       0.000000000    
     8  0.3723065035       0.000000000    
     9  0.4765204043       0.000000000    
    10  0.5285197142       0.000000000    


     2  0.6250000000      0.2500000000      0.3125000000     : k-point, vkl
 (state, eigenvalue and occupancy below)
     1 -0.1392052200       2.000000000    
     2 -0.5094838473E-01   2.000000000    
     3  0.3456614790E-01   2.000000000    
     4  0.1121881759       2.000000000    
     5  0.2659367936       0.000000000    
     6  0.3767469753       0.000000000    
     7  0.4257364070       0.000000000    
     8  0.4376578399       0.000000000    
     9  0.4530120280       0.000000000    
    10  0.5064072952       0.000000000    


     3  0.1250000000      0.7500000000      0.3125000000     : k-point, vkl
 (state, eigenvalue and occupancy below)
     1 -0.1518722195       2.000000000    
     2 -0.3662392233E-01   2.000000000    
     3  0.4596935297E-01   2.000000000    
     4  0.1067613156       2.000000000    
     5  0.3067700881       0.000000000    
     6  0.3250679653       0.000000000    
     7  0.3731410390       0.000000000    
     8  0.4472735775       0.000000000    
     9  0.5028028035       0.000000000    
    10  0.5259536866       0.000000000    


     4  0.6250000000      0.7500000000      0.3125000000     : k-point, vkl
 (state, eigenvalue and occupancy below)
     1 -0.1211849517       2.000000000    
     2 -0.6543730161E-01   2.000000000    
     3  0.3359819582E-01   2.000000000    
     4  0.8620451759E-01   2.000000000    
     5  0.2839318083       0.000000000    
     6  0.3684561560       0.000000000    
     7  0.3986634569       0.000000000    
     8  0.4187759641       0.000000000    
     9  0.4974104259       0.000000000    
    10  0.5666982267       0.000000000    


     5  0.1250000000      0.2500000000      0.8125000000     : k-point, vkl
 (state, eigenvalue and occupancy below)
     1 -0.1851343226       2.000000000    
     2  0.4012664106E-02   2.000000000    
     3  0.7556276030E-01   2.000000000    
     4  0.1280967158       2.000000000    
     5  0.2899472944       0.000000000    
     6  0.3299497005       0.000000000    
     7  0.3465906598       0.000000000    
     8  0.4056945654       0.000000000    
     9  0.4963525293       0.000000000    
    10  0.5832056631       0.000000000    


     6  0.6250000000      0.2500000000      0.8125000000     : k-point, vkl
 (state, eigenvalue and occupancy below)
     1 -0.1289670276       2.000000000    
     2 -0.5699734865E-01   2.000000000    
     3  0.4050078590E-01   2.000000000    
     4  0.8056529933E-01   2.000000000    
     5  0.3165654331       0.000000000    
     6  0.3329161608       0.000000000    
     7  0.3622866773       0.000000000    
     8  0.4560275663       0.000000000    
     9  0.4992236685       0.000000000    
    10  0.5825802746       0.000000000    


     7  0.1250000000      0.7500000000      0.8125000000     : k-point, vkl
 (state, eigenvalue and occupancy below)
     1 -0.1937455732       2.000000000    
     2  0.2289737580E-01   2.000000000    
     3  0.9502125810E-01   2.000000000    
     4  0.1195237274       2.000000000    
     5  0.2532818242      0.2979616553E-11
     6  0.3114895464       0.000000000    
     7  0.3752065078       0.000000000    
     8  0.4127007837       0.000000000    
     9  0.5190026247       0.000000000    
    10  0.5724036521       0.000000000    


     8  0.6250000000      0.7500000000      0.8125000000     : k-point, vkl
 (state, eigenvalue and occupancy below)
     1 -0.2037613333       2.000000000    
     2  0.2994556471E-01   2.000000000    
     3  0.9314872485E-01   2.000000000    
     4  0.1545887669       2.000000000    
     5  0.3001515651       0.000000000    
     6  0.3117148609       0.000000000    
     7  0.3605054028       0.000000000    
     8  0.3772944391       0.000000000    
     9  0.4512514045       0.000000000    
    10  0.5670458324       0.000000000    

