
Species :    1 (Si), atom :    1
 APW functions :
  l =  0, order =  1 :   0.1500000000    ,  n =  3
  l =  1, order =  1 :   0.1500000000    ,  n =  3
  l =  2, order =  1 :   0.1500000000    ,  n =  3
  l =  3, order =  1 :   0.1500000000    ,  n =  4
  l =  4, order =  1 :   0.1500000000    ,  n =  5
  l =  5, order =  1 :   0.1500000000    ,  n =  6
  l =  6, order =  1 :   0.1500000000    ,  n =  7
  l =  7, order =  1 :   0.1500000000    ,  n =  8
  l =  8, order =  1 :   0.1500000000    ,  n =  9
 local-orbital functions :
  l.o. =  1, l =  0, order =  1 :   0.1500000000    ,  n =  3
  l.o. =  1, l =  0, order =  2 :   0.1500000000    ,  n =  3
  l.o. =  2, l =  1, order =  1 :   0.1500000000    ,  n =  3
  l.o. =  2, l =  1, order =  2 :   0.1500000000    ,  n =  3

Species :    1 (Si), atom :    2
 APW functions :
  l =  0, order =  1 :   0.1500000000    ,  n =  3
  l =  1, order =  1 :   0.1500000000    ,  n =  3
  l =  2, order =  1 :   0.1500000000    ,  n =  3
  l =  3, order =  1 :   0.1500000000    ,  n =  4
  l =  4, order =  1 :   0.1500000000    ,  n =  5
  l =  5, order =  1 :   0.1500000000    ,  n =  6
  l =  6, order =  1 :   0.1500000000    ,  n =  7
  l =  7, order =  1 :   0.1500000000    ,  n =  8
  l =  8, order =  1 :   0.1500000000    ,  n =  9
 local-orbital functions :
  l.o. =  1, l =  0, order =  1 :   0.1500000000    ,  n =  3
  l.o. =  1, l =  0, order =  2 :   0.1500000000    ,  n =  3
  l.o. =  2, l =  1, order =  1 :   0.1500000000    ,  n =  3
  l.o. =  2, l =  1, order =  2 :   0.1500000000    ,  n =  3
