
Radius of cluster of nearest neighbours :    15.00000000    

Atom list : 
 iatom (is ia ias)               pos(lat)                        pos(Cart)
-------------------------------------------------------------------------------------
   Si ( 1  1   1)       0.00000   0.00000   0.00000     0.00000   0.00000   0.00000
   Si ( 1  2   2)       0.25000   0.25000   0.25000     2.56500   2.56500   2.56500

Cluster around Si (is ia ias :  1  1   1)
 jatom (js ja jas)   D(a.u.)     D(A)        T                  R(Cart)            shell
----------------------------------------------------------------------------------------
   Si ( 1  1   1)    0.00000   0.00000    0  0  0     0.00000   0.00000   0.00000     1
   Si ( 1  2   2)    4.44271   2.35098   -1  0  0    -2.56500  -2.56500   2.56500     2
   Si ( 1  2   2)    4.44271   2.35098    0 -1  0    -2.56500   2.56500  -2.56500     2
   Si ( 1  2   2)    4.44271   2.35098    0  0 -1     2.56500  -2.56500  -2.56500     2
   Si ( 1  2   2)    4.44271   2.35098    0  0  0     2.56500   2.56500   2.56500     2
   Si ( 1  1   1)    7.25491   3.83914    0  0 -1     0.00000  -5.13000  -5.13000     3
   Si ( 1  1   1)    7.25491   3.83914   -1  0  0    -5.13000  -5.13000   0.00000     3
   Si ( 1  1   1)    7.25491   3.83914    0  0  1     0.00000   5.13000   5.13000     3
   Si ( 1  1   1)    7.25491   3.83914    0  1 -1     5.13000  -5.13000   0.00000     3
   Si ( 1  1   1)    7.25491   3.83914    0  1  0     5.13000   0.00000   5.13000     3
   Si ( 1  1   1)    7.25491   3.83914    1 -1  0     0.00000   5.13000  -5.13000     3
   Si ( 1  1   1)    7.25491   3.83914    1  0 -1     5.13000   0.00000  -5.13000     3
   Si ( 1  1   1)    7.25491   3.83914    1  0  0     5.13000   5.13000   0.00000     3
   Si ( 1  1   1)    7.25491   3.83914   -1  0  1    -5.13000   0.00000   5.13000     3
   Si ( 1  1   1)    7.25491   3.83914   -1  1  0     0.00000  -5.13000   5.13000     3
   Si ( 1  1   1)    7.25491   3.83914    0 -1  0    -5.13000   0.00000  -5.13000     3
   Si ( 1  1   1)    7.25491   3.83914    0 -1  1    -5.13000   5.13000   0.00000     3
   Si ( 1  2   2)    8.50714   4.50179   -1  0  1    -2.56500   2.56500   7.69500     4
   Si ( 1  2   2)    8.50714   4.50179   -1  1 -1     2.56500  -7.69500   2.56500     4
   Si ( 1  2   2)    8.50714   4.50179   -1  1  0     2.56500  -2.56500   7.69500     4
   Si ( 1  2   2)    8.50714   4.50179    0 -1 -1    -2.56500  -2.56500  -7.69500     4
   Si ( 1  2   2)    8.50714   4.50179   -1 -1  1    -7.69500   2.56500   2.56500     4
   Si ( 1  2   2)    8.50714   4.50179    0 -1  1    -2.56500   7.69500   2.56500     4
   Si ( 1  2   2)    8.50714   4.50179   -1  0 -1    -2.56500  -7.69500  -2.56500     4
   Si ( 1  2   2)    8.50714   4.50179   -1 -1  0    -7.69500  -2.56500  -2.56500     4
   Si ( 1  2   2)    8.50714   4.50179    0  1 -1     7.69500  -2.56500   2.56500     4
   Si ( 1  2   2)    8.50714   4.50179    1 -1 -1     2.56500   2.56500  -7.69500     4
   Si ( 1  2   2)    8.50714   4.50179    1 -1  0     2.56500   7.69500  -2.56500     4
   Si ( 1  2   2)    8.50714   4.50179    1  0 -1     7.69500   2.56500  -2.56500     4
   Si ( 1  1   1)   10.26000   5.42936   -1  1 -1     0.00000 -10.26000   0.00000     5
   Si ( 1  1   1)   10.26000   5.42936    1  1 -1    10.26000   0.00000   0.00000     5
   Si ( 1  1   1)   10.26000   5.42936    1 -1 -1     0.00000   0.00000 -10.26000     5
   Si ( 1  1   1)   10.26000   5.42936   -1 -1  1   -10.26000   0.00000   0.00000     5
   Si ( 1  1   1)   10.26000   5.42936    1 -1  1     0.00000  10.26000   0.00000     5
   Si ( 1  1   1)   10.26000   5.42936   -1  1  1     0.00000   0.00000  10.26000     5
   Si ( 1  2   2)   11.18057   5.91651    0 -2  0    -7.69500   2.56500  -7.69500     6
   Si ( 1  2   2)   11.18057   5.91651    0 -2  1    -7.69500   7.69500  -2.56500     6
   Si ( 1  2   2)   11.18057   5.91651    0  0  1     2.56500   7.69500   7.69500     6
   Si ( 1  2   2)   11.18057   5.91651    0  1 -2     7.69500  -7.69500  -2.56500     6
   Si ( 1  2   2)   11.18057   5.91651   -2  0  1    -7.69500  -2.56500   7.69500     6
   Si ( 1  2   2)   11.18057   5.91651    0  1  0     7.69500   2.56500   7.69500     6
   Si ( 1  2   2)   11.18057   5.91651    1 -2  0    -2.56500   7.69500  -7.69500     6
   Si ( 1  2   2)   11.18057   5.91651   -2  1  0    -2.56500  -7.69500   7.69500     6
   Si ( 1  2   2)   11.18057   5.91651   -2  0  0    -7.69500  -7.69500   2.56500     6
   Si ( 1  2   2)   11.18057   5.91651    1  0 -2     7.69500  -2.56500  -7.69500     6
   Si ( 1  2   2)   11.18057   5.91651    0  0 -2     2.56500  -7.69500  -7.69500     6
   Si ( 1  2   2)   11.18057   5.91651    1  0  0     7.69500   7.69500   2.56500     6
   Si ( 1  1   1)   12.56588   6.64958    0  1 -2     5.13000 -10.26000  -5.13000     7
   Si ( 1  1   1)   12.56588   6.64958   -2  0  1   -10.26000  -5.13000   5.13000     7
   Si ( 1  1   1)   12.56588   6.64958   -1 -1  2   -10.26000   5.13000   5.13000     7
   Si ( 1  1   1)   12.56588   6.64958    0  1  1     5.13000   5.13000  10.26000     7
   Si ( 1  1   1)   12.56588   6.64958    0  2 -1    10.26000  -5.13000   5.13000     7
   Si ( 1  1   1)   12.56588   6.64958    1 -2  0    -5.13000   5.13000 -10.26000     7
   Si ( 1  1   1)   12.56588   6.64958    1 -2  1    -5.13000  10.26000  -5.13000     7
   Si ( 1  1   1)   12.56588   6.64958   -1  2 -1     5.13000 -10.26000   5.13000     7
   Si ( 1  1   1)   12.56588   6.64958   -1  2  0     5.13000  -5.13000  10.26000     7
   Si ( 1  1   1)   12.56588   6.64958    0 -2  1   -10.26000   5.13000  -5.13000     7
   Si ( 1  1   1)   12.56588   6.64958    1  0 -2     5.13000  -5.13000 -10.26000     7
   Si ( 1  1   1)   12.56588   6.64958    0 -1 -1    -5.13000  -5.13000 -10.26000     7
   Si ( 1  1   1)   12.56588   6.64958   -1  0 -1    -5.13000 -10.26000  -5.13000     7
   Si ( 1  1   1)   12.56588   6.64958    1  0  1     5.13000  10.26000   5.13000     7
   Si ( 1  1   1)   12.56588   6.64958    1  1 -2    10.26000  -5.13000  -5.13000     7
   Si ( 1  1   1)   12.56588   6.64958   -2  1  0    -5.13000 -10.26000   5.13000     7
   Si ( 1  1   1)   12.56588   6.64958    1  1  0    10.26000   5.13000   5.13000     7
   Si ( 1  1   1)   12.56588   6.64958    2 -1 -1     5.13000   5.13000 -10.26000     7
   Si ( 1  1   1)   12.56588   6.64958    2 -1  0     5.13000  10.26000  -5.13000     7
   Si ( 1  1   1)   12.56588   6.64958    2  0 -1    10.26000   5.13000  -5.13000     7
   Si ( 1  1   1)   12.56588   6.64958    0 -1  2    -5.13000  10.26000   5.13000     7
   Si ( 1  1   1)   12.56588   6.64958   -2  1  1    -5.13000  -5.13000  10.26000     7
   Si ( 1  1   1)   12.56588   6.64958   -1  0  2    -5.13000   5.13000  10.26000     7
   Si ( 1  1   1)   12.56588   6.64958   -1 -1  0   -10.26000  -5.13000  -5.13000     7
   Si ( 1  2   2)   13.32813   7.05294   -1 -1  2    -7.69500   7.69500   7.69500     8
   Si ( 1  2   2)   13.32813   7.05294   -2  1  1    -2.56500  -2.56500  12.82500     8
   Si ( 1  2   2)   13.32813   7.05294   -1 -2  1   -12.82500   2.56500  -2.56500     8
   Si ( 1  2   2)   13.32813   7.05294    1 -2 -1    -2.56500   2.56500 -12.82500     8
   Si ( 1  2   2)   13.32813   7.05294   -1 -1 -1    -7.69500  -7.69500  -7.69500     8
   Si ( 1  2   2)   13.32813   7.05294    1 -2  1    -2.56500  12.82500  -2.56500     8
   Si ( 1  2   2)   13.32813   7.05294    1 -1 -2     2.56500  -2.56500 -12.82500     8
   Si ( 1  2   2)   13.32813   7.05294   -1  1 -2     2.56500 -12.82500  -2.56500     8
   Si ( 1  2   2)   13.32813   7.05294   -2  1 -1    -2.56500 -12.82500   2.56500     8
   Si ( 1  2   2)   13.32813   7.05294    1 -1  1     2.56500  12.82500   2.56500     8
   Si ( 1  2   2)   13.32813   7.05294   -2 -1  1   -12.82500  -2.56500   2.56500     8
   Si ( 1  2   2)   13.32813   7.05294   -1  1  1     2.56500   2.56500  12.82500     8
   Si ( 1  2   2)   13.32813   7.05294   -1  2 -1     7.69500  -7.69500   7.69500     8
   Si ( 1  2   2)   13.32813   7.05294    1  1 -2    12.82500  -2.56500  -2.56500     8
   Si ( 1  2   2)   13.32813   7.05294    1  1 -1    12.82500   2.56500   2.56500     8
   Si ( 1  2   2)   13.32813   7.05294    2 -1 -1     7.69500   7.69500  -7.69500     8
   Si ( 1  1   1)   14.50983   7.67827    0  0 -2     0.00000 -10.26000 -10.26000     9
   Si ( 1  1   1)   14.50983   7.67827    2  0 -2    10.26000   0.00000 -10.26000     9
   Si ( 1  1   1)   14.50983   7.67827    0 -2  2   -10.26000  10.26000   0.00000     9
   Si ( 1  1   1)   14.50983   7.67827    2  0  0    10.26000  10.26000   0.00000     9
   Si ( 1  1   1)   14.50983   7.67827    0  2 -2    10.26000 -10.26000   0.00000     9
   Si ( 1  1   1)   14.50983   7.67827   -2  0  2   -10.26000   0.00000  10.26000     9
   Si ( 1  1   1)   14.50983   7.67827    0  2  0    10.26000   0.00000  10.26000     9
   Si ( 1  1   1)   14.50983   7.67827   -2  2  0     0.00000 -10.26000  10.26000     9
   Si ( 1  1   1)   14.50983   7.67827    0  0  2     0.00000  10.26000  10.26000     9
   Si ( 1  1   1)   14.50983   7.67827    0 -2  0   -10.26000   0.00000 -10.26000     9
   Si ( 1  1   1)   14.50983   7.67827    2 -2  0     0.00000  10.26000 -10.26000     9
   Si ( 1  1   1)   14.50983   7.67827   -2  0  0   -10.26000 -10.26000   0.00000     9

Cluster around Si (is ia ias :  1  2   2)
 jatom (js ja jas)   D(a.u.)     D(A)        T                  R(Cart)            shell
----------------------------------------------------------------------------------------
   Si ( 1  2   2)    0.00000   0.00000    0  0  0     0.00000   0.00000   0.00000     1
   Si ( 1  1   1)    4.44271   2.35098    0  0  1    -2.56500   2.56500   2.56500     2
   Si ( 1  1   1)    4.44271   2.35098    0  1  0     2.56500  -2.56500   2.56500     2
   Si ( 1  1   1)    4.44271   2.35098    1  0  0     2.56500   2.56500  -2.56500     2
   Si ( 1  1   1)    4.44271   2.35098    0  0  0    -2.56500  -2.56500  -2.56500     2
   Si ( 1  2   2)    7.25491   3.83914   -1  0  1    -5.13000   0.00000   5.13000     3
   Si ( 1  2   2)    7.25491   3.83914   -1  1  0     0.00000  -5.13000   5.13000     3
   Si ( 1  2   2)    7.25491   3.83914    0 -1  0    -5.13000   0.00000  -5.13000     3
   Si ( 1  2   2)    7.25491   3.83914    0 -1  1    -5.13000   5.13000   0.00000     3
   Si ( 1  2   2)    7.25491   3.83914    0  0 -1     0.00000  -5.13000  -5.13000     3
   Si ( 1  2   2)    7.25491   3.83914   -1  0  0    -5.13000  -5.13000   0.00000     3
   Si ( 1  2   2)    7.25491   3.83914    0  0  1     0.00000   5.13000   5.13000     3
   Si ( 1  2   2)    7.25491   3.83914    0  1 -1     5.13000  -5.13000   0.00000     3
   Si ( 1  2   2)    7.25491   3.83914    0  1  0     5.13000   0.00000   5.13000     3
   Si ( 1  2   2)    7.25491   3.83914    1 -1  0     0.00000   5.13000  -5.13000     3
   Si ( 1  2   2)    7.25491   3.83914    1  0 -1     5.13000   0.00000  -5.13000     3
   Si ( 1  2   2)    7.25491   3.83914    1  0  0     5.13000   5.13000   0.00000     3
   Si ( 1  1   1)    8.50714   4.50179   -1  1  0    -2.56500  -7.69500   2.56500     4
   Si ( 1  1   1)    8.50714   4.50179    0  1 -1     2.56500  -7.69500  -2.56500     4
   Si ( 1  1   1)    8.50714   4.50179   -1  1  1    -2.56500  -2.56500   7.69500     4
   Si ( 1  1   1)    8.50714   4.50179    0  1  1     2.56500   2.56500   7.69500     4
   Si ( 1  1   1)    8.50714   4.50179    1 -1  0    -2.56500   2.56500  -7.69500     4
   Si ( 1  1   1)    8.50714   4.50179    1 -1  1    -2.56500   7.69500  -2.56500     4
   Si ( 1  1   1)    8.50714   4.50179    1  0 -1     2.56500  -2.56500  -7.69500     4
   Si ( 1  1   1)    8.50714   4.50179    0 -1  1    -7.69500   2.56500  -2.56500     4
   Si ( 1  1   1)    8.50714   4.50179    1  0  1     2.56500   7.69500   2.56500     4
   Si ( 1  1   1)    8.50714   4.50179    1  1 -1     7.69500  -2.56500  -2.56500     4
   Si ( 1  1   1)    8.50714   4.50179    1  1  0     7.69500   2.56500   2.56500     4
   Si ( 1  1   1)    8.50714   4.50179   -1  0  1    -7.69500  -2.56500   2.56500     4
   Si ( 1  2   2)   10.26000   5.42936    1 -1 -1     0.00000   0.00000 -10.26000     5
   Si ( 1  2   2)   10.26000   5.42936   -1 -1  1   -10.26000   0.00000   0.00000     5
   Si ( 1  2   2)   10.26000   5.42936    1 -1  1     0.00000  10.26000   0.00000     5
   Si ( 1  2   2)   10.26000   5.42936   -1  1  1     0.00000   0.00000  10.26000     5
   Si ( 1  2   2)   10.26000   5.42936   -1  1 -1     0.00000 -10.26000   0.00000     5
   Si ( 1  2   2)   10.26000   5.42936    1  1 -1    10.26000   0.00000   0.00000     5
   Si ( 1  1   1)   11.18057   5.91651   -1  0  0    -7.69500  -7.69500  -2.56500     6
   Si ( 1  1   1)   11.18057   5.91651    0 -1  2    -7.69500   7.69500   2.56500     6
   Si ( 1  1   1)   11.18057   5.91651    2 -1  0     2.56500   7.69500  -7.69500     6
   Si ( 1  1   1)   11.18057   5.91651    2  0 -1     7.69500   2.56500  -7.69500     6
   Si ( 1  1   1)   11.18057   5.91651    2  0  0     7.69500   7.69500  -2.56500     6
   Si ( 1  1   1)   11.18057   5.91651    0  2 -1     7.69500  -7.69500   2.56500     6
   Si ( 1  1   1)   11.18057   5.91651    0  2  0     7.69500  -2.56500   7.69500     6
   Si ( 1  1   1)   11.18057   5.91651    0  0 -1    -2.56500  -7.69500  -7.69500     6
   Si ( 1  1   1)   11.18057   5.91651   -1  0  2    -7.69500   2.56500   7.69500     6
   Si ( 1  1   1)   11.18057   5.91651   -1  2  0     2.56500  -7.69500   7.69500     6
   Si ( 1  1   1)   11.18057   5.91651    0  0  2    -2.56500   7.69500   7.69500     6
   Si ( 1  1   1)   11.18057   5.91651    0 -1  0    -7.69500  -2.56500  -7.69500     6
   Si ( 1  2   2)   12.56588   6.64958    0 -1  2    -5.13000  10.26000   5.13000     7
   Si ( 1  2   2)   12.56588   6.64958   -2  1  1    -5.13000  -5.13000  10.26000     7
   Si ( 1  2   2)   12.56588   6.64958   -1  0  2    -5.13000   5.13000  10.26000     7
   Si ( 1  2   2)   12.56588   6.64958   -1 -1  0   -10.26000  -5.13000  -5.13000     7
   Si ( 1  2   2)   12.56588   6.64958    0  1 -2     5.13000 -10.26000  -5.13000     7
   Si ( 1  2   2)   12.56588   6.64958   -2  0  1   -10.26000  -5.13000   5.13000     7
   Si ( 1  2   2)   12.56588   6.64958   -1 -1  2   -10.26000   5.13000   5.13000     7
   Si ( 1  2   2)   12.56588   6.64958    0  1  1     5.13000   5.13000  10.26000     7
   Si ( 1  2   2)   12.56588   6.64958    0  2 -1    10.26000  -5.13000   5.13000     7
   Si ( 1  2   2)   12.56588   6.64958    1 -2  0    -5.13000   5.13000 -10.26000     7
   Si ( 1  2   2)   12.56588   6.64958    1 -2  1    -5.13000  10.26000  -5.13000     7
   Si ( 1  2   2)   12.56588   6.64958   -1  2 -1     5.13000 -10.26000   5.13000     7
   Si ( 1  2   2)   12.56588   6.64958   -1  2  0     5.13000  -5.13000  10.26000     7
   Si ( 1  2   2)   12.56588   6.64958    0 -2  1   -10.26000   5.13000  -5.13000     7
   Si ( 1  2   2)   12.56588   6.64958    1  0 -2     5.13000  -5.13000 -10.26000     7
   Si ( 1  2   2)   12.56588   6.64958    0 -1 -1    -5.13000  -5.13000 -10.26000     7
   Si ( 1  2   2)   12.56588   6.64958   -1  0 -1    -5.13000 -10.26000  -5.13000     7
   Si ( 1  2   2)   12.56588   6.64958    1  0  1     5.13000  10.26000   5.13000     7
   Si ( 1  2   2)   12.56588   6.64958    1  1 -2    10.26000  -5.13000  -5.13000     7
   Si ( 1  2   2)   12.56588   6.64958   -2  1  0    -5.13000 -10.26000   5.13000     7
   Si ( 1  2   2)   12.56588   6.64958    1  1  0    10.26000   5.13000   5.13000     7
   Si ( 1  2   2)   12.56588   6.64958    2 -1 -1     5.13000   5.13000 -10.26000     7
   Si ( 1  2   2)   12.56588   6.64958    2 -1  0     5.13000  10.26000  -5.13000     7
   Si ( 1  2   2)   12.56588   6.64958    2  0 -1    10.26000   5.13000  -5.13000     7
   Si ( 1  1   1)   13.32813   7.05294    1 -2  1    -7.69500   7.69500  -7.69500     8
   Si ( 1  1   1)   13.32813   7.05294    2 -1  1     2.56500  12.82500  -2.56500     8
   Si ( 1  1   1)   13.32813   7.05294    1 -1 -1    -2.56500  -2.56500 -12.82500     8
   Si ( 1  1   1)   13.32813   7.05294   -1 -1  2   -12.82500   2.56500   2.56500     8
   Si ( 1  1   1)   13.32813   7.05294    2  1 -1    12.82500   2.56500  -2.56500     8
   Si ( 1  1   1)   13.32813   7.05294   -1  2  1     2.56500  -2.56500  12.82500     8
   Si ( 1  1   1)   13.32813   7.05294    1 -1  2    -2.56500  12.82500   2.56500     8
   Si ( 1  1   1)   13.32813   7.05294   -1  1 -1    -2.56500 -12.82500  -2.56500     8
   Si ( 1  1   1)   13.32813   7.05294   -2  1  1    -7.69500  -7.69500   7.69500     8
   Si ( 1  1   1)   13.32813   7.05294   -1 -1  1   -12.82500  -2.56500  -2.56500     8
   Si ( 1  1   1)   13.32813   7.05294    1  1 -2     7.69500  -7.69500  -7.69500     8
   Si ( 1  1   1)   13.32813   7.05294   -1  1  2    -2.56500   2.56500  12.82500     8
   Si ( 1  1   1)   13.32813   7.05294   -1  2 -1     2.56500 -12.82500   2.56500     8
   Si ( 1  1   1)   13.32813   7.05294    1  1  1     7.69500   7.69500   7.69500     8
   Si ( 1  1   1)   13.32813   7.05294    1  2 -1    12.82500  -2.56500   2.56500     8
   Si ( 1  1   1)   13.32813   7.05294    2 -1 -1     2.56500   2.56500 -12.82500     8
   Si ( 1  2   2)   14.50983   7.67827    0  2 -2    10.26000 -10.26000  -0.00000     9
   Si ( 1  2   2)   14.50983   7.67827   -2  0  2   -10.26000  -0.00000  10.26000     9
   Si ( 1  2   2)   14.50983   7.67827    0  2  0    10.26000   0.00000  10.26000     9
   Si ( 1  2   2)   14.50983   7.67827   -2  2  0    -0.00000 -10.26000  10.26000     9
   Si ( 1  2   2)   14.50983   7.67827    0  0  2     0.00000  10.26000  10.26000     9
   Si ( 1  2   2)   14.50983   7.67827    0 -2  0   -10.26000   0.00000 -10.26000     9
   Si ( 1  2   2)   14.50983   7.67827    2 -2  0    -0.00000  10.26000 -10.26000     9
   Si ( 1  2   2)   14.50983   7.67827   -2  0  0   -10.26000 -10.26000   0.00000     9
   Si ( 1  2   2)   14.50983   7.67827    0  0 -2     0.00000 -10.26000 -10.26000     9
   Si ( 1  2   2)   14.50983   7.67827    2  0 -2    10.26000  -0.00000 -10.26000     9
   Si ( 1  2   2)   14.50983   7.67827    0 -2  2   -10.26000  10.26000  -0.00000     9
   Si ( 1  2   2)   14.50983   7.67827    2  0  0    10.26000  10.26000   0.00000     9
